{"/Users/amritanshuray/Desktop/NodeJS/Fast-Food-Fast-develop/server/api/controllers/ordersController.js":{"path":"/Users/amritanshuray/Desktop/NodeJS/Fast-Food-Fast-develop/server/api/controllers/ordersController.js","statementMap":{"0":{"start":{"line":3,"column":0},"end":{"line":5,"column":3}},"1":{"start":{"line":7,"column":19},"end":{"line":7,"column":563}},"2":{"start":{"line":7,"column":76},"end":{"line":7,"column":347}},"3":{"start":{"line":7,"column":134},"end":{"line":7,"column":142}},"4":{"start":{"line":7,"column":144},"end":{"line":7,"column":199}},"5":{"start":{"line":7,"column":200},"end":{"line":7,"column":231}},"6":{"start":{"line":7,"column":232},"end":{"line":7,"column":286}},"7":{"start":{"line":7,"column":259},"end":{"line":7,"column":286}},"8":{"start":{"line":7,"column":287},"end":{"line":7,"column":345}},"9":{"start":{"line":7,"column":350},"end":{"line":7,"column":559}},"10":{"start":{"line":7,"column":407},"end":{"line":7,"column":475}},"11":{"start":{"line":7,"column":423},"end":{"line":7,"column":475}},"12":{"start":{"line":7,"column":476},"end":{"line":7,"column":536}},"13":{"start":{"line":7,"column":493},"end":{"line":7,"column":536}},"14":{"start":{"line":7,"column":537},"end":{"line":7,"column":556}},"15":{"start":{"line":9,"column":50},"end":{"line":9,"column":151}},"16":{"start":{"line":9,"column":92},"end":{"line":9,"column":149}},"17":{"start":{"line":11,"column":13},"end":{"line":101,"column":3}},"18":{"start":{"line":13,"column":4},"end":{"line":13,"column":34}},"19":{"start":{"line":15,"column":4},"end":{"line":15,"column":25}},"20":{"start":{"line":23,"column":2},"end":{"line":98,"column":6}},"21":{"start":{"line":26,"column":15},"end":{"line":26,"column":85}},"22":{"start":{"line":28,"column":6},"end":{"line":34,"column":7}},"23":{"start":{"line":29,"column":8},"end":{"line":33,"column":11}},"24":{"start":{"line":30,"column":10},"end":{"line":32,"column":13}},"25":{"start":{"line":31,"column":12},"end":{"line":31,"column":25}},"26":{"start":{"line":35,"column":6},"end":{"line":44,"column":9}},"27":{"start":{"line":36,"column":8},"end":{"line":41,"column":11}},"28":{"start":{"line":37,"column":10},"end":{"line":39,"column":11}},"29":{"start":{"line":38,"column":12},"end":{"line":38,"column":38}},"30":{"start":{"line":40,"column":10},"end":{"line":40,"column":28}},"31":{"start":{"line":43,"column":8},"end":{"line":43,"column":69}},"32":{"start":{"line":53,"column":6},"end":{"line":58,"column":9}},"33":{"start":{"line":57,"column":8},"end":{"line":57,"column":19}},"34":{"start":{"line":67,"column":6},"end":{"line":79,"column":9}},"35":{"start":{"line":71,"column":8},"end":{"line":76,"column":11}},"36":{"start":{"line":72,"column":10},"end":{"line":74,"column":11}},"37":{"start":{"line":73,"column":12},"end":{"line":73,"column":32}},"38":{"start":{"line":75,"column":10},"end":{"line":75,"column":31}},"39":{"start":{"line":78,"column":8},"end":{"line":78,"column":84}},"40":{"start":{"line":87,"column":6},"end":{"line":96,"column":9}},"41":{"start":{"line":88,"column":8},"end":{"line":93,"column":11}},"42":{"start":{"line":89,"column":10},"end":{"line":91,"column":11}},"43":{"start":{"line":90,"column":12},"end":{"line":90,"column":32}},"44":{"start":{"line":92,"column":10},"end":{"line":92,"column":28}},"45":{"start":{"line":95,"column":8},"end":{"line":95,"column":84}},"46":{"start":{"line":100,"column":2},"end":{"line":100,"column":16}},"47":{"start":{"line":103,"column":0},"end":{"line":103,"column":25}}},"fnMap":{"0":{"name":"(anonymous_0)","decl":{"start":{"line":7,"column":19},"end":{"line":7,"column":20}},"loc":{"start":{"line":7,"column":31},"end":{"line":7,"column":561}},"line":7},"1":{"name":"defineProperties","decl":{"start":{"line":7,"column":42},"end":{"line":7,"column":58}},"loc":{"start":{"line":7,"column":74},"end":{"line":7,"column":349}},"line":7},"2":{"name":"(anonymous_2)","decl":{"start":{"line":7,"column":357},"end":{"line":7,"column":358}},"loc":{"start":{"line":7,"column":405},"end":{"line":7,"column":558}},"line":7},"3":{"name":"_classCallCheck","decl":{"start":{"line":9,"column":9},"end":{"line":9,"column":24}},"loc":{"start":{"line":9,"column":48},"end":{"line":9,"column":153}},"line":9},"4":{"name":"(anonymous_4)","decl":{"start":{"line":11,"column":13},"end":{"line":11,"column":14}},"loc":{"start":{"line":11,"column":25},"end":{"line":101,"column":1}},"line":11},"5":{"name":"_class","decl":{"start":{"line":12,"column":11},"end":{"line":12,"column":17}},"loc":{"start":{"line":12,"column":26},"end":{"line":16,"column":3}},"line":12},"6":{"name":"read","decl":{"start":{"line":25,"column":20},"end":{"line":25,"column":24}},"loc":{"start":{"line":25,"column":27},"end":{"line":45,"column":5}},"line":25},"7":{"name":"(anonymous_7)","decl":{"start":{"line":29,"column":41},"end":{"line":29,"column":42}},"loc":{"start":{"line":29,"column":58},"end":{"line":33,"column":9}},"line":29},"8":{"name":"(anonymous_8)","decl":{"start":{"line":30,"column":27},"end":{"line":30,"column":28}},"loc":{"start":{"line":30,"column":44},"end":{"line":32,"column":11}},"line":30},"9":{"name":"(anonymous_9)","decl":{"start":{"line":35,"column":38},"end":{"line":35,"column":39}},"loc":{"start":{"line":35,"column":53},"end":{"line":42,"column":7}},"line":35},"10":{"name":"(anonymous_10)","decl":{"start":{"line":36,"column":27},"end":{"line":36,"column":28}},"loc":{"start":{"line":36,"column":54},"end":{"line":41,"column":9}},"line":36},"11":{"name":"(anonymous_11)","decl":{"start":{"line":42,"column":15},"end":{"line":42,"column":16}},"loc":{"start":{"line":42,"column":34},"end":{"line":44,"column":7}},"line":42},"12":{"name":"create","decl":{"start":{"line":52,"column":20},"end":{"line":52,"column":26}},"loc":{"start":{"line":52,"column":34},"end":{"line":59,"column":5}},"line":52},"13":{"name":"(anonymous_13)","decl":{"start":{"line":56,"column":12},"end":{"line":56,"column":13}},"loc":{"start":{"line":56,"column":27},"end":{"line":58,"column":7}},"line":56},"14":{"name":"update","decl":{"start":{"line":66,"column":20},"end":{"line":66,"column":26}},"loc":{"start":{"line":66,"column":38},"end":{"line":80,"column":5}},"line":66},"15":{"name":"(anonymous_15)","decl":{"start":{"line":70,"column":14},"end":{"line":70,"column":15}},"loc":{"start":{"line":70,"column":29},"end":{"line":77,"column":7}},"line":70},"16":{"name":"(anonymous_16)","decl":{"start":{"line":71,"column":27},"end":{"line":71,"column":28}},"loc":{"start":{"line":71,"column":54},"end":{"line":76,"column":9}},"line":71},"17":{"name":"(anonymous_17)","decl":{"start":{"line":77,"column":15},"end":{"line":77,"column":16}},"loc":{"start":{"line":77,"column":32},"end":{"line":79,"column":7}},"line":77},"18":{"name":"_delete","decl":{"start":{"line":86,"column":20},"end":{"line":86,"column":27}},"loc":{"start":{"line":86,"column":32},"end":{"line":97,"column":5}},"line":86},"19":{"name":"(anonymous_19)","decl":{"start":{"line":87,"column":41},"end":{"line":87,"column":42}},"loc":{"start":{"line":87,"column":56},"end":{"line":94,"column":7}},"line":87},"20":{"name":"(anonymous_20)","decl":{"start":{"line":88,"column":27},"end":{"line":88,"column":28}},"loc":{"start":{"line":88,"column":54},"end":{"line":93,"column":9}},"line":88},"21":{"name":"(anonymous_21)","decl":{"start":{"line":94,"column":15},"end":{"line":94,"column":16}},"loc":{"start":{"line":94,"column":32},"end":{"line":96,"column":7}},"line":94}},"branchMap":{"0":{"loc":{"start":{"line":7,"column":168},"end":{"line":7,"column":198}},"type":"binary-expr","locations":[{"start":{"line":7,"column":168},"end":{"line":7,"column":189}},{"start":{"line":7,"column":193},"end":{"line":7,"column":198}}],"line":7},"1":{"loc":{"start":{"line":7,"column":232},"end":{"line":7,"column":286}},"type":"if","locations":[{"start":{"line":7,"column":232},"end":{"line":7,"column":286}},{"start":{"line":7,"column":232},"end":{"line":7,"column":286}}],"line":7},"2":{"loc":{"start":{"line":7,"column":407},"end":{"line":7,"column":475}},"type":"if","locations":[{"start":{"line":7,"column":407},"end":{"line":7,"column":475}},{"start":{"line":7,"column":407},"end":{"line":7,"column":475}}],"line":7},"3":{"loc":{"start":{"line":7,"column":476},"end":{"line":7,"column":536}},"type":"if","locations":[{"start":{"line":7,"column":476},"end":{"line":7,"column":536}},{"start":{"line":7,"column":476},"end":{"line":7,"column":536}}],"line":7},"4":{"loc":{"start":{"line":9,"column":50},"end":{"line":9,"column":151}},"type":"if","locations":[{"start":{"line":9,"column":50},"end":{"line":9,"column":151}},{"start":{"line":9,"column":50},"end":{"line":9,"column":151}}],"line":9},"5":{"loc":{"start":{"line":26,"column":15},"end":{"line":26,"column":85}},"type":"cond-expr","locations":[{"start":{"line":26,"column":68},"end":{"line":26,"column":80}},{"start":{"line":26,"column":83},"end":{"line":26,"column":85}}],"line":26},"6":{"loc":{"start":{"line":26,"column":15},"end":{"line":26,"column":65}},"type":"binary-expr","locations":[{"start":{"line":26,"column":15},"end":{"line":26,"column":35}},{"start":{"line":26,"column":39},"end":{"line":26,"column":65}}],"line":26},"7":{"loc":{"start":{"line":28,"column":6},"end":{"line":34,"column":7}},"type":"if","locations":[{"start":{"line":28,"column":6},"end":{"line":34,"column":7}},{"start":{"line":28,"column":6},"end":{"line":34,"column":7}}],"line":28},"8":{"loc":{"start":{"line":37,"column":10},"end":{"line":39,"column":11}},"type":"if","locations":[{"start":{"line":37,"column":10},"end":{"line":39,"column":11}},{"start":{"line":37,"column":10},"end":{"line":39,"column":11}}],"line":37},"9":{"loc":{"start":{"line":72,"column":10},"end":{"line":74,"column":11}},"type":"if","locations":[{"start":{"line":72,"column":10},"end":{"line":74,"column":11}},{"start":{"line":72,"column":10},"end":{"line":74,"column":11}}],"line":72},"10":{"loc":{"start":{"line":89,"column":10},"end":{"line":91,"column":11}},"type":"if","locations":[{"start":{"line":89,"column":10},"end":{"line":91,"column":11}},{"start":{"line":89,"column":10},"end":{"line":91,"column":11}}],"line":89}},"s":{"0":1,"1":1,"2":1,"3":4,"4":4,"5":4,"6":4,"7":4,"8":4,"9":1,"10":1,"11":1,"12":1,"13":0,"14":1,"15":1,"16":0,"17":1,"18":1,"19":1,"20":1,"21":3,"22":3,"23":1,"24":1,"25":2,"26":2,"27":2,"28":2,"29":1,"30":1,"31":1,"32":1,"33":1,"34":2,"35":2,"36":2,"37":1,"38":1,"39":1,"40":2,"41":2,"42":2,"43":1,"44":1,"45":1,"46":1,"47":1},"f":{"0":1,"1":1,"2":1,"3":1,"4":1,"5":1,"6":3,"7":1,"8":2,"9":2,"10":2,"11":1,"12":1,"13":1,"14":2,"15":2,"16":2,"17":1,"18":2,"19":2,"20":2,"21":1},"b":{"0":[4,4],"1":[4,0],"2":[1,0],"3":[0,1],"4":[0,1],"5":[2,1],"6":[3,2],"7":[1,2],"8":[1,1],"9":[1,1],"10":[1,1]},"_coverageSchema":"d34fc3e6b8297bcde183f5492bcb8fcb36775295","hash":"ecac4cebb0c856279e12e03230dddd4a573d2fe6","contentHash":"feeef8fa7afa2b78320f03fd30634be4"},"/Users/amritanshuray/Desktop/NodeJS/Fast-Food-Fast-develop/server/api/models/orderModel.js":{"path":"/Users/amritanshuray/Desktop/NodeJS/Fast-Food-Fast-develop/server/api/models/orderModel.js","statementMap":{"0":{"start":{"line":3,"column":0},"end":{"line":5,"column":3}},"1":{"start":{"line":7,"column":50},"end":{"line":7,"column":151}},"2":{"start":{"line":7,"column":92},"end":{"line":7,"column":149}},"3":{"start":{"line":13,"column":17},"end":{"line":17,"column":1}},"4":{"start":{"line":14,"column":2},"end":{"line":14,"column":36}},"5":{"start":{"line":16,"column":2},"end":{"line":16,"column":21}},"6":{"start":{"line":123,"column":0},"end":{"line":123,"column":29}}},"fnMap":{"0":{"name":"_classCallCheck","decl":{"start":{"line":7,"column":9},"end":{"line":7,"column":24}},"loc":{"start":{"line":7,"column":48},"end":{"line":7,"column":153}},"line":7},"1":{"name":"OrderModel","decl":{"start":{"line":13,"column":26},"end":{"line":13,"column":36}},"loc":{"start":{"line":13,"column":44},"end":{"line":17,"column":1}},"line":13}},"branchMap":{"0":{"loc":{"start":{"line":7,"column":50},"end":{"line":7,"column":151}},"type":"if","locations":[{"start":{"line":7,"column":50},"end":{"line":7,"column":151}},{"start":{"line":7,"column":50},"end":{"line":7,"column":151}}],"line":7}},"s":{"0":1,"1":1,"2":0,"3":1,"4":1,"5":1,"6":1},"f":{"0":1,"1":1},"b":{"0":[0,1]},"_coverageSchema":"d34fc3e6b8297bcde183f5492bcb8fcb36775295","hash":"825fd530b7d6a556cbffd2923015ee7741db6ae6","contentHash":"22d9be97d37e2d580579a98f28910d0c"},"/Users/amritanshuray/Desktop/NodeJS/Fast-Food-Fast-develop/server/api/models/dbModel.js":{"path":"/Users/amritanshuray/Desktop/NodeJS/Fast-Food-Fast-develop/server/api/models/dbModel.js","statementMap":{"0":{"start":{"line":3,"column":0},"end":{"line":5,"column":3}},"1":{"start":{"line":7,"column":19},"end":{"line":7,"column":563}},"2":{"start":{"line":7,"column":76},"end":{"line":7,"column":347}},"3":{"start":{"line":7,"column":134},"end":{"line":7,"column":142}},"4":{"start":{"line":7,"column":144},"end":{"line":7,"column":199}},"5":{"start":{"line":7,"column":200},"end":{"line":7,"column":231}},"6":{"start":{"line":7,"column":232},"end":{"line":7,"column":286}},"7":{"start":{"line":7,"column":259},"end":{"line":7,"column":286}},"8":{"start":{"line":7,"column":287},"end":{"line":7,"column":345}},"9":{"start":{"line":7,"column":350},"end":{"line":7,"column":559}},"10":{"start":{"line":7,"column":407},"end":{"line":7,"column":475}},"11":{"start":{"line":7,"column":423},"end":{"line":7,"column":475}},"12":{"start":{"line":7,"column":476},"end":{"line":7,"column":536}},"13":{"start":{"line":7,"column":493},"end":{"line":7,"column":536}},"14":{"start":{"line":7,"column":537},"end":{"line":7,"column":556}},"15":{"start":{"line":9,"column":50},"end":{"line":9,"column":151}},"16":{"start":{"line":9,"column":92},"end":{"line":9,"column":149}},"17":{"start":{"line":11,"column":13},"end":{"line":156,"column":3}},"18":{"start":{"line":13,"column":4},"end":{"line":13,"column":34}},"19":{"start":{"line":15,"column":4},"end":{"line":15,"column":21}},"20":{"start":{"line":27,"column":2},"end":{"line":153,"column":6}},"21":{"start":{"line":30,"column":18},"end":{"line":30,"column":22}},"22":{"start":{"line":32,"column":6},"end":{"line":38,"column":9}},"23":{"start":{"line":33,"column":8},"end":{"line":37,"column":11}},"24":{"start":{"line":34,"column":10},"end":{"line":34,"column":23}},"25":{"start":{"line":36,"column":10},"end":{"line":36,"column":22}},"26":{"start":{"line":146,"column":18},"end":{"line":146,"column":44}},"27":{"start":{"line":147,"column":6},"end":{"line":151,"column":9}},"28":{"start":{"line":148,"column":8},"end":{"line":148,"column":58}},"29":{"start":{"line":150,"column":8},"end":{"line":150,"column":75}},"30":{"start":{"line":155,"column":2},"end":{"line":155,"column":16}},"31":{"start":{"line":158,"column":0},"end":{"line":158,"column":25}}},"fnMap":{"0":{"name":"(anonymous_0)","decl":{"start":{"line":7,"column":19},"end":{"line":7,"column":20}},"loc":{"start":{"line":7,"column":31},"end":{"line":7,"column":561}},"line":7},"1":{"name":"defineProperties","decl":{"start":{"line":7,"column":42},"end":{"line":7,"column":58}},"loc":{"start":{"line":7,"column":74},"end":{"line":7,"column":349}},"line":7},"2":{"name":"(anonymous_2)","decl":{"start":{"line":7,"column":357},"end":{"line":7,"column":358}},"loc":{"start":{"line":7,"column":405},"end":{"line":7,"column":558}},"line":7},"3":{"name":"_classCallCheck","decl":{"start":{"line":9,"column":9},"end":{"line":9,"column":24}},"loc":{"start":{"line":9,"column":48},"end":{"line":9,"column":153}},"line":9},"4":{"name":"(anonymous_4)","decl":{"start":{"line":11,"column":13},"end":{"line":11,"column":14}},"loc":{"start":{"line":11,"column":25},"end":{"line":156,"column":1}},"line":11},"5":{"name":"_class","decl":{"start":{"line":12,"column":11},"end":{"line":12,"column":17}},"loc":{"start":{"line":12,"column":24},"end":{"line":16,"column":3}},"line":12},"6":{"name":"query","decl":{"start":{"line":29,"column":20},"end":{"line":29,"column":25}},"loc":{"start":{"line":29,"column":40},"end":{"line":39,"column":5}},"line":29},"7":{"name":"(anonymous_7)","decl":{"start":{"line":32,"column":25},"end":{"line":32,"column":26}},"loc":{"start":{"line":32,"column":52},"end":{"line":38,"column":7}},"line":32},"8":{"name":"(anonymous_8)","decl":{"start":{"line":33,"column":44},"end":{"line":33,"column":45}},"loc":{"start":{"line":33,"column":59},"end":{"line":35,"column":9}},"line":33},"9":{"name":"(anonymous_9)","decl":{"start":{"line":35,"column":17},"end":{"line":35,"column":18}},"loc":{"start":{"line":35,"column":32},"end":{"line":37,"column":9}},"line":35},"10":{"name":"deleteRows","decl":{"start":{"line":145,"column":20},"end":{"line":145,"column":30}},"loc":{"start":{"line":145,"column":42},"end":{"line":152,"column":5}},"line":145},"11":{"name":"(anonymous_11)","decl":{"start":{"line":147,"column":29},"end":{"line":147,"column":30}},"loc":{"start":{"line":147,"column":41},"end":{"line":149,"column":7}},"line":147},"12":{"name":"(anonymous_12)","decl":{"start":{"line":149,"column":15},"end":{"line":149,"column":16}},"loc":{"start":{"line":149,"column":30},"end":{"line":151,"column":7}},"line":149}},"branchMap":{"0":{"loc":{"start":{"line":7,"column":168},"end":{"line":7,"column":198}},"type":"binary-expr","locations":[{"start":{"line":7,"column":168},"end":{"line":7,"column":189}},{"start":{"line":7,"column":193},"end":{"line":7,"column":198}}],"line":7},"1":{"loc":{"start":{"line":7,"column":232},"end":{"line":7,"column":286}},"type":"if","locations":[{"start":{"line":7,"column":232},"end":{"line":7,"column":286}},{"start":{"line":7,"column":232},"end":{"line":7,"column":286}}],"line":7},"2":{"loc":{"start":{"line":7,"column":407},"end":{"line":7,"column":475}},"type":"if","locations":[{"start":{"line":7,"column":407},"end":{"line":7,"column":475}},{"start":{"line":7,"column":407},"end":{"line":7,"column":475}}],"line":7},"3":{"loc":{"start":{"line":7,"column":476},"end":{"line":7,"column":536}},"type":"if","locations":[{"start":{"line":7,"column":476},"end":{"line":7,"column":536}},{"start":{"line":7,"column":476},"end":{"line":7,"column":536}}],"line":7},"4":{"loc":{"start":{"line":9,"column":50},"end":{"line":9,"column":151}},"type":"if","locations":[{"start":{"line":9,"column":50},"end":{"line":9,"column":151}},{"start":{"line":9,"column":50},"end":{"line":9,"column":151}}],"line":9}},"s":{"0":1,"1":1,"2":1,"3":2,"4":2,"5":2,"6":2,"7":2,"8":2,"9":1,"10":1,"11":1,"12":1,"13":0,"14":1,"15":2,"16":0,"17":1,"18":2,"19":2,"20":1,"21":53,"22":53,"23":53,"24":42,"25":9,"26":4,"27":4,"28":2,"29":0,"30":1,"31":1},"f":{"0":1,"1":1,"2":1,"3":2,"4":1,"5":2,"6":53,"7":53,"8":42,"9":9,"10":4,"11":2,"12":0},"b":{"0":[2,2],"1":[2,0],"2":[1,0],"3":[0,1],"4":[0,2]},"_coverageSchema":"d34fc3e6b8297bcde183f5492bcb8fcb36775295","hash":"120be72e18ad8abd561408d121e164c594a5ce89","contentHash":"7b5f252e03b1c5d3bad3862e0d298b01"},"/Users/amritanshuray/Desktop/NodeJS/Fast-Food-Fast-develop/server/api/controllers/usersController.js":{"path":"/Users/amritanshuray/Desktop/NodeJS/Fast-Food-Fast-develop/server/api/controllers/usersController.js","statementMap":{"0":{"start":{"line":3,"column":0},"end":{"line":5,"column":3}},"1":{"start":{"line":7,"column":19},"end":{"line":7,"column":563}},"2":{"start":{"line":7,"column":76},"end":{"line":7,"column":347}},"3":{"start":{"line":7,"column":134},"end":{"line":7,"column":142}},"4":{"start":{"line":7,"column":144},"end":{"line":7,"column":199}},"5":{"start":{"line":7,"column":200},"end":{"line":7,"column":231}},"6":{"start":{"line":7,"column":232},"end":{"line":7,"column":286}},"7":{"start":{"line":7,"column":259},"end":{"line":7,"column":286}},"8":{"start":{"line":7,"column":287},"end":{"line":7,"column":345}},"9":{"start":{"line":7,"column":350},"end":{"line":7,"column":559}},"10":{"start":{"line":7,"column":407},"end":{"line":7,"column":475}},"11":{"start":{"line":7,"column":423},"end":{"line":7,"column":475}},"12":{"start":{"line":7,"column":476},"end":{"line":7,"column":536}},"13":{"start":{"line":7,"column":493},"end":{"line":7,"column":536}},"14":{"start":{"line":7,"column":537},"end":{"line":7,"column":556}},"15":{"start":{"line":9,"column":50},"end":{"line":9,"column":151}},"16":{"start":{"line":9,"column":92},"end":{"line":9,"column":149}},"17":{"start":{"line":17,"column":13},"end":{"line":184,"column":3}},"18":{"start":{"line":19,"column":4},"end":{"line":19,"column":34}},"19":{"start":{"line":21,"column":4},"end":{"line":21,"column":17}},"20":{"start":{"line":22,"column":4},"end":{"line":22,"column":21}},"21":{"start":{"line":23,"column":4},"end":{"line":23,"column":21}},"22":{"start":{"line":33,"column":2},"end":{"line":181,"column":6}},"23":{"start":{"line":36,"column":22},"end":{"line":36,"column":30}},"24":{"start":{"line":37,"column":18},"end":{"line":37,"column":33}},"25":{"start":{"line":38,"column":21},"end":{"line":38,"column":39}},"26":{"start":{"line":39,"column":21},"end":{"line":39,"column":39}},"27":{"start":{"line":40,"column":18},"end":{"line":40,"column":33}},"28":{"start":{"line":41,"column":20},"end":{"line":41,"column":37}},"29":{"start":{"line":43,"column":6},"end":{"line":45,"column":7}},"30":{"start":{"line":44,"column":8},"end":{"line":44,"column":105}},"31":{"start":{"line":46,"column":6},"end":{"line":48,"column":7}},"32":{"start":{"line":47,"column":8},"end":{"line":47,"column":91}},"33":{"start":{"line":50,"column":6},"end":{"line":50,"column":51}},"34":{"start":{"line":51,"column":6},"end":{"line":51,"column":57}},"35":{"start":{"line":52,"column":6},"end":{"line":52,"column":36}},"36":{"start":{"line":54,"column":6},"end":{"line":56,"column":7}},"37":{"start":{"line":55,"column":8},"end":{"line":55,"column":98}},"38":{"start":{"line":57,"column":6},"end":{"line":59,"column":7}},"39":{"start":{"line":58,"column":8},"end":{"line":58,"column":89}},"40":{"start":{"line":60,"column":6},"end":{"line":60,"column":70}},"41":{"start":{"line":61,"column":6},"end":{"line":61,"column":30}},"42":{"start":{"line":62,"column":6},"end":{"line":62,"column":34}},"43":{"start":{"line":63,"column":6},"end":{"line":63,"column":41}},"44":{"start":{"line":64,"column":6},"end":{"line":64,"column":42}},"45":{"start":{"line":66,"column":24},"end":{"line":66,"column":195}},"46":{"start":{"line":67,"column":19},"end":{"line":67,"column":159}},"47":{"start":{"line":68,"column":6},"end":{"line":93,"column":7}},"48":{"start":{"line":69,"column":19},"end":{"line":69,"column":59}},"49":{"start":{"line":70,"column":19},"end":{"line":70,"column":28}},"50":{"start":{"line":72,"column":8},"end":{"line":72,"column":42}},"51":{"start":{"line":73,"column":20},"end":{"line":73,"column":106}},"52":{"start":{"line":74,"column":8},"end":{"line":74,"column":39}},"53":{"start":{"line":75,"column":8},"end":{"line":77,"column":10}},"54":{"start":{"line":79,"column":8},"end":{"line":91,"column":9}},"55":{"start":{"line":80,"column":24},"end":{"line":80,"column":26}},"56":{"start":{"line":81,"column":10},"end":{"line":83,"column":11}},"57":{"start":{"line":82,"column":12},"end":{"line":82,"column":75}},"58":{"start":{"line":84,"column":10},"end":{"line":86,"column":11}},"59":{"start":{"line":85,"column":12},"end":{"line":85,"column":77}},"60":{"start":{"line":87,"column":10},"end":{"line":89,"column":11}},"61":{"start":{"line":88,"column":12},"end":{"line":88,"column":76}},"62":{"start":{"line":90,"column":10},"end":{"line":90,"column":71}},"63":{"start":{"line":92,"column":8},"end":{"line":92,"column":73}},"64":{"start":{"line":105,"column":23},"end":{"line":105,"column":31}},"65":{"start":{"line":106,"column":26},"end":{"line":106,"column":50}},"66":{"start":{"line":107,"column":21},"end":{"line":107,"column":40}},"67":{"start":{"line":109,"column":6},"end":{"line":111,"column":7}},"68":{"start":{"line":110,"column":8},"end":{"line":110,"column":121}},"69":{"start":{"line":112,"column":6},"end":{"line":112,"column":60}},"70":{"start":{"line":112,"column":25},"end":{"line":112,"column":60}},"71":{"start":{"line":113,"column":17},"end":{"line":113,"column":72}},"72":{"start":{"line":114,"column":6},"end":{"line":134,"column":7}},"73":{"start":{"line":115,"column":20},"end":{"line":115,"column":83}},"74":{"start":{"line":116,"column":19},"end":{"line":116,"column":29}},"75":{"start":{"line":118,"column":8},"end":{"line":120,"column":9}},"76":{"start":{"line":119,"column":10},"end":{"line":119,"column":108}},"77":{"start":{"line":121,"column":21},"end":{"line":121,"column":28}},"78":{"start":{"line":122,"column":21},"end":{"line":122,"column":34}},"79":{"start":{"line":123,"column":23},"end":{"line":123,"column":38}},"80":{"start":{"line":124,"column":20},"end":{"line":124,"column":32}},"81":{"start":{"line":125,"column":19},"end":{"line":125,"column":30}},"82":{"start":{"line":127,"column":20},"end":{"line":127,"column":74}},"83":{"start":{"line":128,"column":8},"end":{"line":128,"column":37}},"84":{"start":{"line":129,"column":8},"end":{"line":131,"column":10}},"85":{"start":{"line":133,"column":8},"end":{"line":133,"column":73}},"86":{"start":{"line":146,"column":6},"end":{"line":163,"column":7}},"87":{"start":{"line":147,"column":27},"end":{"line":147,"column":66}},"88":{"start":{"line":149,"column":20},"end":{"line":149,"column":74}},"89":{"start":{"line":150,"column":19},"end":{"line":150,"column":29}},"90":{"start":{"line":152,"column":8},"end":{"line":154,"column":9}},"91":{"start":{"line":153,"column":10},"end":{"line":153,"column":80}},"92":{"start":{"line":155,"column":32},"end":{"line":155,"column":72}},"93":{"start":{"line":156,"column":23},"end":{"line":156,"column":82}},"94":{"start":{"line":157,"column":22},"end":{"line":157,"column":114}},"95":{"start":{"line":158,"column":8},"end":{"line":160,"column":10}},"96":{"start":{"line":162,"column":8},"end":{"line":162,"column":73}},"97":{"start":{"line":168,"column":24},"end":{"line":168,"column":45}},"98":{"start":{"line":169,"column":6},"end":{"line":179,"column":7}},"99":{"start":{"line":170,"column":20},"end":{"line":170,"column":52}},"100":{"start":{"line":171,"column":19},"end":{"line":171,"column":29}},"101":{"start":{"line":172,"column":23},"end":{"line":172,"column":37}},"102":{"start":{"line":174,"column":8},"end":{"line":176,"column":10}},"103":{"start":{"line":178,"column":8},"end":{"line":178,"column":75}},"104":{"start":{"line":183,"column":2},"end":{"line":183,"column":16}},"105":{"start":{"line":186,"column":0},"end":{"line":186,"column":25}}},"fnMap":{"0":{"name":"(anonymous_0)","decl":{"start":{"line":7,"column":19},"end":{"line":7,"column":20}},"loc":{"start":{"line":7,"column":31},"end":{"line":7,"column":561}},"line":7},"1":{"name":"defineProperties","decl":{"start":{"line":7,"column":42},"end":{"line":7,"column":58}},"loc":{"start":{"line":7,"column":74},"end":{"line":7,"column":349}},"line":7},"2":{"name":"(anonymous_2)","decl":{"start":{"line":7,"column":357},"end":{"line":7,"column":358}},"loc":{"start":{"line":7,"column":405},"end":{"line":7,"column":558}},"line":7},"3":{"name":"_classCallCheck","decl":{"start":{"line":9,"column":9},"end":{"line":9,"column":24}},"loc":{"start":{"line":9,"column":48},"end":{"line":9,"column":153}},"line":9},"4":{"name":"(anonymous_4)","decl":{"start":{"line":17,"column":13},"end":{"line":17,"column":14}},"loc":{"start":{"line":17,"column":25},"end":{"line":184,"column":1}},"line":17},"5":{"name":"_class","decl":{"start":{"line":18,"column":11},"end":{"line":18,"column":17}},"loc":{"start":{"line":18,"column":34},"end":{"line":24,"column":3}},"line":18},"6":{"name":"create","decl":{"start":{"line":35,"column":26},"end":{"line":35,"column":32}},"loc":{"start":{"line":35,"column":38},"end":{"line":94,"column":5}},"line":35},"7":{"name":"login","decl":{"start":{"line":104,"column":26},"end":{"line":104,"column":31}},"loc":{"start":{"line":104,"column":37},"end":{"line":135,"column":5}},"line":104},"8":{"name":"findOrdersByUserId","decl":{"start":{"line":145,"column":26},"end":{"line":145,"column":44}},"loc":{"start":{"line":145,"column":50},"end":{"line":164,"column":5}},"line":145},"9":{"name":"read","decl":{"start":{"line":167,"column":26},"end":{"line":167,"column":30}},"loc":{"start":{"line":167,"column":33},"end":{"line":180,"column":5}},"line":167}},"branchMap":{"0":{"loc":{"start":{"line":7,"column":168},"end":{"line":7,"column":198}},"type":"binary-expr","locations":[{"start":{"line":7,"column":168},"end":{"line":7,"column":189}},{"start":{"line":7,"column":193},"end":{"line":7,"column":198}}],"line":7},"1":{"loc":{"start":{"line":7,"column":232},"end":{"line":7,"column":286}},"type":"if","locations":[{"start":{"line":7,"column":232},"end":{"line":7,"column":286}},{"start":{"line":7,"column":232},"end":{"line":7,"column":286}}],"line":7},"2":{"loc":{"start":{"line":7,"column":407},"end":{"line":7,"column":475}},"type":"if","locations":[{"start":{"line":7,"column":407},"end":{"line":7,"column":475}},{"start":{"line":7,"column":407},"end":{"line":7,"column":475}}],"line":7},"3":{"loc":{"start":{"line":7,"column":476},"end":{"line":7,"column":536}},"type":"if","locations":[{"start":{"line":7,"column":476},"end":{"line":7,"column":536}},{"start":{"line":7,"column":476},"end":{"line":7,"column":536}}],"line":7},"4":{"loc":{"start":{"line":9,"column":50},"end":{"line":9,"column":151}},"type":"if","locations":[{"start":{"line":9,"column":50},"end":{"line":9,"column":151}},{"start":{"line":9,"column":50},"end":{"line":9,"column":151}}],"line":9},"5":{"loc":{"start":{"line":43,"column":6},"end":{"line":45,"column":7}},"type":"if","locations":[{"start":{"line":43,"column":6},"end":{"line":45,"column":7}},{"start":{"line":43,"column":6},"end":{"line":45,"column":7}}],"line":43},"6":{"loc":{"start":{"line":43,"column":10},"end":{"line":43,"column":42}},"type":"binary-expr","locations":[{"start":{"line":43,"column":10},"end":{"line":43,"column":19}},{"start":{"line":43,"column":23},"end":{"line":43,"column":29}},{"start":{"line":43,"column":33},"end":{"line":43,"column":42}}],"line":43},"7":{"loc":{"start":{"line":46,"column":6},"end":{"line":48,"column":7}},"type":"if","locations":[{"start":{"line":46,"column":6},"end":{"line":48,"column":7}},{"start":{"line":46,"column":6},"end":{"line":48,"column":7}}],"line":46},"8":{"loc":{"start":{"line":46,"column":10},"end":{"line":46,"column":122}},"type":"binary-expr","locations":[{"start":{"line":46,"column":10},"end":{"line":46,"column":19}},{"start":{"line":46,"column":23},"end":{"line":46,"column":58}},{"start":{"line":46,"column":62},"end":{"line":46,"column":90}},{"start":{"line":46,"column":94},"end":{"line":46,"column":122}}],"line":46},"9":{"loc":{"start":{"line":54,"column":6},"end":{"line":56,"column":7}},"type":"if","locations":[{"start":{"line":54,"column":6},"end":{"line":56,"column":7}},{"start":{"line":54,"column":6},"end":{"line":56,"column":7}}],"line":54},"10":{"loc":{"start":{"line":57,"column":6},"end":{"line":59,"column":7}},"type":"if","locations":[{"start":{"line":57,"column":6},"end":{"line":59,"column":7}},{"start":{"line":57,"column":6},"end":{"line":59,"column":7}}],"line":57},"11":{"loc":{"start":{"line":79,"column":8},"end":{"line":91,"column":9}},"type":"if","locations":[{"start":{"line":79,"column":8},"end":{"line":91,"column":9}},{"start":{"line":79,"column":8},"end":{"line":91,"column":9}}],"line":79},"12":{"loc":{"start":{"line":81,"column":10},"end":{"line":83,"column":11}},"type":"if","locations":[{"start":{"line":81,"column":10},"end":{"line":83,"column":11}},{"start":{"line":81,"column":10},"end":{"line":83,"column":11}}],"line":81},"13":{"loc":{"start":{"line":84,"column":10},"end":{"line":86,"column":11}},"type":"if","locations":[{"start":{"line":84,"column":10},"end":{"line":86,"column":11}},{"start":{"line":84,"column":10},"end":{"line":86,"column":11}}],"line":84},"14":{"loc":{"start":{"line":87,"column":10},"end":{"line":89,"column":11}},"type":"if","locations":[{"start":{"line":87,"column":10},"end":{"line":89,"column":11}},{"start":{"line":87,"column":10},"end":{"line":89,"column":11}}],"line":87},"15":{"loc":{"start":{"line":109,"column":6},"end":{"line":111,"column":7}},"type":"if","locations":[{"start":{"line":109,"column":6},"end":{"line":111,"column":7}},{"start":{"line":109,"column":6},"end":{"line":111,"column":7}}],"line":109},"16":{"loc":{"start":{"line":109,"column":10},"end":{"line":109,"column":73}},"type":"binary-expr","locations":[{"start":{"line":109,"column":10},"end":{"line":109,"column":24}},{"start":{"line":109,"column":28},"end":{"line":109,"column":37}},{"start":{"line":109,"column":41},"end":{"line":109,"column":73}}],"line":109},"17":{"loc":{"start":{"line":112,"column":6},"end":{"line":112,"column":60}},"type":"if","locations":[{"start":{"line":112,"column":6},"end":{"line":112,"column":60}},{"start":{"line":112,"column":6},"end":{"line":112,"column":60}}],"line":112},"18":{"loc":{"start":{"line":118,"column":8},"end":{"line":120,"column":9}},"type":"if","locations":[{"start":{"line":118,"column":8},"end":{"line":120,"column":9}},{"start":{"line":118,"column":8},"end":{"line":120,"column":9}}],"line":118},"19":{"loc":{"start":{"line":118,"column":12},"end":{"line":118,"column":78}},"type":"binary-expr","locations":[{"start":{"line":118,"column":12},"end":{"line":118,"column":20}},{"start":{"line":118,"column":24},"end":{"line":118,"column":78}}],"line":118},"20":{"loc":{"start":{"line":152,"column":8},"end":{"line":154,"column":9}},"type":"if","locations":[{"start":{"line":152,"column":8},"end":{"line":154,"column":9}},{"start":{"line":152,"column":8},"end":{"line":154,"column":9}}],"line":152},"21":{"loc":{"start":{"line":157,"column":22},"end":{"line":157,"column":114}},"type":"cond-expr","locations":[{"start":{"line":157,"column":48},"end":{"line":157,"column":80}},{"start":{"line":157,"column":83},"end":{"line":157,"column":114}}],"line":157}},"s":{"0":1,"1":1,"2":1,"3":4,"4":4,"5":4,"6":4,"7":4,"8":4,"9":1,"10":1,"11":1,"12":1,"13":0,"14":1,"15":2,"16":0,"17":1,"18":2,"19":2,"20":2,"21":2,"22":1,"23":14,"24":14,"25":14,"26":14,"27":14,"28":14,"29":14,"30":1,"31":13,"32":1,"33":12,"34":12,"35":12,"36":12,"37":1,"38":11,"39":5,"40":6,"41":6,"42":6,"43":6,"44":6,"45":6,"46":6,"47":6,"48":6,"49":2,"50":2,"51":2,"52":2,"53":2,"54":4,"55":3,"56":3,"57":1,"58":3,"59":1,"60":3,"61":1,"62":3,"63":1,"64":6,"65":6,"66":6,"67":6,"68":2,"69":4,"70":4,"71":4,"72":4,"73":4,"74":4,"75":4,"76":2,"77":2,"78":2,"79":2,"80":2,"81":2,"82":2,"83":2,"84":2,"85":0,"86":2,"87":2,"88":2,"89":2,"90":2,"91":1,"92":1,"93":1,"94":1,"95":1,"96":0,"97":1,"98":1,"99":1,"100":1,"101":1,"102":1,"103":0,"104":1,"105":1},"f":{"0":1,"1":1,"2":1,"3":2,"4":1,"5":2,"6":14,"7":6,"8":2,"9":1},"b":{"0":[4,4],"1":[4,0],"2":[1,0],"3":[0,1],"4":[0,2],"5":[1,13],"6":[14,14,13],"7":[1,12],"8":[13,13,13,13],"9":[1,11],"10":[5,6],"11":[3,1],"12":[1,2],"13":[1,2],"14":[1,2],"15":[2,4],"16":[6,5,5],"17":[4,0],"18":[2,2],"19":[4,3],"20":[1,1],"21":[1,0]},"_coverageSchema":"d34fc3e6b8297bcde183f5492bcb8fcb36775295","hash":"dba14a51d7570796e7a5c2e4057fddb4c79da8d8","contentHash":"8392ed394f460cfda0b319fd054f4879"},"/Users/amritanshuray/Desktop/NodeJS/Fast-Food-Fast-develop/server/api/server.js":{"path":"/Users/amritanshuray/Desktop/NodeJS/Fast-Food-Fast-develop/server/api/server.js","statementMap":{"0":{"start":{"line":3,"column":0},"end":{"line":5,"column":3}},"1":{"start":{"line":7,"column":15},"end":{"line":7,"column":33}},"2":{"start":{"line":9,"column":16},"end":{"line":9,"column":48}},"3":{"start":{"line":11,"column":14},"end":{"line":11,"column":31}},"4":{"start":{"line":13,"column":15},"end":{"line":13,"column":46}},"5":{"start":{"line":15,"column":12},"end":{"line":15,"column":27}},"6":{"start":{"line":17,"column":13},"end":{"line":17,"column":42}},"7":{"start":{"line":19,"column":14},"end":{"line":19,"column":41}},"8":{"start":{"line":21,"column":15},"end":{"line":21,"column":46}},"9":{"start":{"line":23,"column":22},"end":{"line":23,"column":61}},"10":{"start":{"line":25,"column":23},"end":{"line":25,"column":62}},"11":{"start":{"line":27,"column":39},"end":{"line":27,"column":93}},"12":{"start":{"line":29,"column":0},"end":{"line":199,"column":2}},"13":{"start":{"line":30,"column":15},"end":{"line":30,"column":39}},"14":{"start":{"line":31,"column":15},"end":{"line":31,"column":24}},"15":{"start":{"line":34,"column":2},"end":{"line":34,"column":43}},"16":{"start":{"line":35,"column":2},"end":{"line":35,"column":39}},"17":{"start":{"line":36,"column":2},"end":{"line":36,"column":63}},"18":{"start":{"line":39,"column":2},"end":{"line":45,"column":5}},"19":{"start":{"line":40,"column":4},"end":{"line":44,"column":7}},"20":{"start":{"line":41,"column":6},"end":{"line":41,"column":56}},"21":{"start":{"line":43,"column":6},"end":{"line":43,"column":89}},"22":{"start":{"line":48,"column":2},"end":{"line":54,"column":5}},"23":{"start":{"line":49,"column":4},"end":{"line":53,"column":7}},"24":{"start":{"line":50,"column":6},"end":{"line":50,"column":56}},"25":{"start":{"line":52,"column":6},"end":{"line":52,"column":89}},"26":{"start":{"line":57,"column":2},"end":{"line":63,"column":5}},"27":{"start":{"line":58,"column":4},"end":{"line":62,"column":7}},"28":{"start":{"line":59,"column":6},"end":{"line":59,"column":56}},"29":{"start":{"line":61,"column":6},"end":{"line":61,"column":105}},"30":{"start":{"line":65,"column":2},"end":{"line":71,"column":5}},"31":{"start":{"line":66,"column":4},"end":{"line":70,"column":7}},"32":{"start":{"line":67,"column":6},"end":{"line":67,"column":56}},"33":{"start":{"line":69,"column":6},"end":{"line":69,"column":89}},"34":{"start":{"line":74,"column":2},"end":{"line":80,"column":5}},"35":{"start":{"line":75,"column":4},"end":{"line":79,"column":7}},"36":{"start":{"line":76,"column":6},"end":{"line":76,"column":42}},"37":{"start":{"line":78,"column":6},"end":{"line":78,"column":33}},"38":{"start":{"line":84,"column":2},"end":{"line":90,"column":5}},"39":{"start":{"line":85,"column":4},"end":{"line":89,"column":7}},"40":{"start":{"line":86,"column":6},"end":{"line":86,"column":56}},"41":{"start":{"line":88,"column":6},"end":{"line":88,"column":105}},"42":{"start":{"line":93,"column":2},"end":{"line":99,"column":5}},"43":{"start":{"line":94,"column":4},"end":{"line":98,"column":7}},"44":{"start":{"line":95,"column":6},"end":{"line":95,"column":56}},"45":{"start":{"line":97,"column":6},"end":{"line":97,"column":105}},"46":{"start":{"line":102,"column":2},"end":{"line":108,"column":5}},"47":{"start":{"line":103,"column":4},"end":{"line":107,"column":7}},"48":{"start":{"line":104,"column":6},"end":{"line":104,"column":56}},"49":{"start":{"line":106,"column":6},"end":{"line":106,"column":113}},"50":{"start":{"line":110,"column":2},"end":{"line":116,"column":5}},"51":{"start":{"line":111,"column":4},"end":{"line":115,"column":7}},"52":{"start":{"line":112,"column":6},"end":{"line":112,"column":56}},"53":{"start":{"line":114,"column":6},"end":{"line":114,"column":89}},"54":{"start":{"line":119,"column":2},"end":{"line":125,"column":5}},"55":{"start":{"line":120,"column":4},"end":{"line":124,"column":7}},"56":{"start":{"line":121,"column":6},"end":{"line":121,"column":56}},"57":{"start":{"line":123,"column":6},"end":{"line":123,"column":57}},"58":{"start":{"line":127,"column":2},"end":{"line":133,"column":5}},"59":{"start":{"line":128,"column":4},"end":{"line":132,"column":7}},"60":{"start":{"line":129,"column":6},"end":{"line":129,"column":56}},"61":{"start":{"line":131,"column":6},"end":{"line":131,"column":57}},"62":{"start":{"line":135,"column":2},"end":{"line":141,"column":5}},"63":{"start":{"line":136,"column":4},"end":{"line":140,"column":7}},"64":{"start":{"line":137,"column":6},"end":{"line":137,"column":56}},"65":{"start":{"line":139,"column":6},"end":{"line":139,"column":107}},"66":{"start":{"line":143,"column":2},"end":{"line":149,"column":5}},"67":{"start":{"line":144,"column":4},"end":{"line":148,"column":7}},"68":{"start":{"line":145,"column":6},"end":{"line":145,"column":56}},"69":{"start":{"line":147,"column":6},"end":{"line":147,"column":57}},"70":{"start":{"line":151,"column":2},"end":{"line":153,"column":5}},"71":{"start":{"line":152,"column":4},"end":{"line":152,"column":89}},"72":{"start":{"line":156,"column":15},"end":{"line":156,"column":57}},"73":{"start":{"line":157,"column":2},"end":{"line":157,"column":47}},"74":{"start":{"line":158,"column":2},"end":{"line":158,"column":62}},"75":{"start":{"line":160,"column":2},"end":{"line":162,"column":5}},"76":{"start":{"line":161,"column":4},"end":{"line":161,"column":51}},"77":{"start":{"line":163,"column":2},"end":{"line":165,"column":5}},"78":{"start":{"line":164,"column":4},"end":{"line":164,"column":51}},"79":{"start":{"line":166,"column":2},"end":{"line":168,"column":5}},"80":{"start":{"line":167,"column":4},"end":{"line":167,"column":55}},"81":{"start":{"line":170,"column":2},"end":{"line":172,"column":5}},"82":{"start":{"line":171,"column":4},"end":{"line":171,"column":50}},"83":{"start":{"line":173,"column":2},"end":{"line":175,"column":5}},"84":{"start":{"line":174,"column":4},"end":{"line":174,"column":54}},"85":{"start":{"line":177,"column":2},"end":{"line":179,"column":5}},"86":{"start":{"line":178,"column":4},"end":{"line":178,"column":52}},"87":{"start":{"line":180,"column":2},"end":{"line":182,"column":5}},"88":{"start":{"line":181,"column":4},"end":{"line":181,"column":51}},"89":{"start":{"line":183,"column":2},"end":{"line":185,"column":5}},"90":{"start":{"line":184,"column":4},"end":{"line":184,"column":51}},"91":{"start":{"line":186,"column":2},"end":{"line":188,"column":5}},"92":{"start":{"line":187,"column":4},"end":{"line":187,"column":53}},"93":{"start":{"line":191,"column":2},"end":{"line":193,"column":5}},"94":{"start":{"line":192,"column":4},"end":{"line":192,"column":119}},"95":{"start":{"line":194,"column":2},"end":{"line":196,"column":5}},"96":{"start":{"line":195,"column":4},"end":{"line":195,"column":119}},"97":{"start":{"line":198,"column":2},"end":{"line":198,"column":16}}},"fnMap":{"0":{"name":"_interopRequireDefault","decl":{"start":{"line":27,"column":9},"end":{"line":27,"column":31}},"loc":{"start":{"line":27,"column":37},"end":{"line":27,"column":95}},"line":27},"1":{"name":"(anonymous_1)","decl":{"start":{"line":29,"column":18},"end":{"line":29,"column":19}},"loc":{"start":{"line":29,"column":50},"end":{"line":199,"column":1}},"line":29},"2":{"name":"(anonymous_2)","decl":{"start":{"line":39,"column":76},"end":{"line":39,"column":77}},"loc":{"start":{"line":39,"column":97},"end":{"line":45,"column":3}},"line":39},"3":{"name":"(anonymous_3)","decl":{"start":{"line":40,"column":30},"end":{"line":40,"column":31}},"loc":{"start":{"line":40,"column":48},"end":{"line":42,"column":5}},"line":40},"4":{"name":"(anonymous_4)","decl":{"start":{"line":42,"column":13},"end":{"line":42,"column":14}},"loc":{"start":{"line":42,"column":28},"end":{"line":44,"column":5}},"line":42},"5":{"name":"(anonymous_5)","decl":{"start":{"line":48,"column":85},"end":{"line":48,"column":86}},"loc":{"start":{"line":48,"column":105},"end":{"line":54,"column":3}},"line":48},"6":{"name":"(anonymous_6)","decl":{"start":{"line":49,"column":26},"end":{"line":49,"column":27}},"loc":{"start":{"line":49,"column":44},"end":{"line":51,"column":5}},"line":49},"7":{"name":"(anonymous_7)","decl":{"start":{"line":51,"column":13},"end":{"line":51,"column":14}},"loc":{"start":{"line":51,"column":28},"end":{"line":53,"column":5}},"line":51},"8":{"name":"(anonymous_8)","decl":{"start":{"line":57,"column":72},"end":{"line":57,"column":73}},"loc":{"start":{"line":57,"column":92},"end":{"line":63,"column":3}},"line":57},"9":{"name":"(anonymous_9)","decl":{"start":{"line":58,"column":35},"end":{"line":58,"column":36}},"loc":{"start":{"line":58,"column":53},"end":{"line":60,"column":5}},"line":58},"10":{"name":"(anonymous_10)","decl":{"start":{"line":60,"column":13},"end":{"line":60,"column":14}},"loc":{"start":{"line":60,"column":28},"end":{"line":62,"column":5}},"line":60},"11":{"name":"(anonymous_11)","decl":{"start":{"line":65,"column":85},"end":{"line":65,"column":86}},"loc":{"start":{"line":65,"column":105},"end":{"line":71,"column":3}},"line":65},"12":{"name":"(anonymous_12)","decl":{"start":{"line":66,"column":34},"end":{"line":66,"column":35}},"loc":{"start":{"line":66,"column":52},"end":{"line":68,"column":5}},"line":66},"13":{"name":"(anonymous_13)","decl":{"start":{"line":68,"column":13},"end":{"line":68,"column":14}},"loc":{"start":{"line":68,"column":28},"end":{"line":70,"column":5}},"line":68},"14":{"name":"(anonymous_14)","decl":{"start":{"line":74,"column":45},"end":{"line":74,"column":46}},"loc":{"start":{"line":74,"column":65},"end":{"line":80,"column":3}},"line":74},"15":{"name":"(anonymous_15)","decl":{"start":{"line":75,"column":50},"end":{"line":75,"column":51}},"loc":{"start":{"line":75,"column":68},"end":{"line":77,"column":5}},"line":75},"16":{"name":"(anonymous_16)","decl":{"start":{"line":77,"column":13},"end":{"line":77,"column":14}},"loc":{"start":{"line":77,"column":25},"end":{"line":79,"column":5}},"line":77},"17":{"name":"(anonymous_17)","decl":{"start":{"line":84,"column":39},"end":{"line":84,"column":40}},"loc":{"start":{"line":84,"column":59},"end":{"line":90,"column":3}},"line":84},"18":{"name":"(anonymous_18)","decl":{"start":{"line":85,"column":34},"end":{"line":85,"column":35}},"loc":{"start":{"line":85,"column":52},"end":{"line":87,"column":5}},"line":85},"19":{"name":"(anonymous_19)","decl":{"start":{"line":87,"column":13},"end":{"line":87,"column":14}},"loc":{"start":{"line":87,"column":28},"end":{"line":89,"column":5}},"line":87},"20":{"name":"(anonymous_20)","decl":{"start":{"line":93,"column":38},"end":{"line":93,"column":39}},"loc":{"start":{"line":93,"column":58},"end":{"line":99,"column":3}},"line":93},"21":{"name":"(anonymous_21)","decl":{"start":{"line":94,"column":33},"end":{"line":94,"column":34}},"loc":{"start":{"line":94,"column":51},"end":{"line":96,"column":5}},"line":94},"22":{"name":"(anonymous_22)","decl":{"start":{"line":96,"column":13},"end":{"line":96,"column":14}},"loc":{"start":{"line":96,"column":28},"end":{"line":98,"column":5}},"line":96},"23":{"name":"(anonymous_23)","decl":{"start":{"line":102,"column":85},"end":{"line":102,"column":86}},"loc":{"start":{"line":102,"column":105},"end":{"line":108,"column":3}},"line":102},"24":{"name":"(anonymous_24)","decl":{"start":{"line":103,"column":46},"end":{"line":103,"column":47}},"loc":{"start":{"line":103,"column":64},"end":{"line":105,"column":5}},"line":103},"25":{"name":"(anonymous_25)","decl":{"start":{"line":105,"column":13},"end":{"line":105,"column":14}},"loc":{"start":{"line":105,"column":28},"end":{"line":107,"column":5}},"line":105},"26":{"name":"(anonymous_26)","decl":{"start":{"line":110,"column":75},"end":{"line":110,"column":76}},"loc":{"start":{"line":110,"column":96},"end":{"line":116,"column":3}},"line":110},"27":{"name":"(anonymous_27)","decl":{"start":{"line":111,"column":29},"end":{"line":111,"column":30}},"loc":{"start":{"line":111,"column":47},"end":{"line":113,"column":5}},"line":111},"28":{"name":"(anonymous_28)","decl":{"start":{"line":113,"column":13},"end":{"line":113,"column":14}},"loc":{"start":{"line":113,"column":28},"end":{"line":115,"column":5}},"line":113},"29":{"name":"(anonymous_29)","decl":{"start":{"line":119,"column":69},"end":{"line":119,"column":70}},"loc":{"start":{"line":119,"column":90},"end":{"line":125,"column":3}},"line":119},"30":{"name":"(anonymous_30)","decl":{"start":{"line":120,"column":29},"end":{"line":120,"column":30}},"loc":{"start":{"line":120,"column":47},"end":{"line":122,"column":5}},"line":120},"31":{"name":"(anonymous_31)","decl":{"start":{"line":122,"column":13},"end":{"line":122,"column":14}},"loc":{"start":{"line":122,"column":28},"end":{"line":124,"column":5}},"line":122},"32":{"name":"(anonymous_32)","decl":{"start":{"line":127,"column":107},"end":{"line":127,"column":108}},"loc":{"start":{"line":127,"column":127},"end":{"line":133,"column":3}},"line":127},"33":{"name":"(anonymous_33)","decl":{"start":{"line":128,"column":34},"end":{"line":128,"column":35}},"loc":{"start":{"line":128,"column":52},"end":{"line":130,"column":5}},"line":128},"34":{"name":"(anonymous_34)","decl":{"start":{"line":130,"column":13},"end":{"line":130,"column":14}},"loc":{"start":{"line":130,"column":28},"end":{"line":132,"column":5}},"line":130},"35":{"name":"(anonymous_35)","decl":{"start":{"line":135,"column":114},"end":{"line":135,"column":115}},"loc":{"start":{"line":135,"column":134},"end":{"line":141,"column":3}},"line":135},"36":{"name":"(anonymous_36)","decl":{"start":{"line":136,"column":27},"end":{"line":136,"column":28}},"loc":{"start":{"line":136,"column":45},"end":{"line":138,"column":5}},"line":136},"37":{"name":"(anonymous_37)","decl":{"start":{"line":138,"column":13},"end":{"line":138,"column":14}},"loc":{"start":{"line":138,"column":28},"end":{"line":140,"column":5}},"line":138},"38":{"name":"(anonymous_38)","decl":{"start":{"line":143,"column":85},"end":{"line":143,"column":86}},"loc":{"start":{"line":143,"column":105},"end":{"line":149,"column":3}},"line":143},"39":{"name":"(anonymous_39)","decl":{"start":{"line":144,"column":34},"end":{"line":144,"column":35}},"loc":{"start":{"line":144,"column":52},"end":{"line":146,"column":5}},"line":144},"40":{"name":"(anonymous_40)","decl":{"start":{"line":146,"column":13},"end":{"line":146,"column":14}},"loc":{"start":{"line":146,"column":28},"end":{"line":148,"column":5}},"line":146},"41":{"name":"(anonymous_41)","decl":{"start":{"line":151,"column":24},"end":{"line":151,"column":25}},"loc":{"start":{"line":151,"column":44},"end":{"line":153,"column":3}},"line":151},"42":{"name":"(anonymous_42)","decl":{"start":{"line":160,"column":18},"end":{"line":160,"column":19}},"loc":{"start":{"line":160,"column":39},"end":{"line":162,"column":3}},"line":160},"43":{"name":"(anonymous_43)","decl":{"start":{"line":163,"column":23},"end":{"line":163,"column":24}},"loc":{"start":{"line":163,"column":44},"end":{"line":165,"column":3}},"line":163},"44":{"name":"(anonymous_44)","decl":{"start":{"line":166,"column":27},"end":{"line":166,"column":28}},"loc":{"start":{"line":166,"column":48},"end":{"line":168,"column":3}},"line":166},"45":{"name":"(anonymous_45)","decl":{"start":{"line":170,"column":22},"end":{"line":170,"column":23}},"loc":{"start":{"line":170,"column":43},"end":{"line":172,"column":3}},"line":170},"46":{"name":"(anonymous_46)","decl":{"start":{"line":173,"column":26},"end":{"line":173,"column":27}},"loc":{"start":{"line":173,"column":47},"end":{"line":175,"column":3}},"line":173},"47":{"name":"(anonymous_47)","decl":{"start":{"line":177,"column":24},"end":{"line":177,"column":25}},"loc":{"start":{"line":177,"column":45},"end":{"line":179,"column":3}},"line":177},"48":{"name":"(anonymous_48)","decl":{"start":{"line":180,"column":23},"end":{"line":180,"column":24}},"loc":{"start":{"line":180,"column":44},"end":{"line":182,"column":3}},"line":180},"49":{"name":"(anonymous_49)","decl":{"start":{"line":183,"column":23},"end":{"line":183,"column":24}},"loc":{"start":{"line":183,"column":44},"end":{"line":185,"column":3}},"line":183},"50":{"name":"(anonymous_50)","decl":{"start":{"line":186,"column":25},"end":{"line":186,"column":26}},"loc":{"start":{"line":186,"column":46},"end":{"line":188,"column":3}},"line":186},"51":{"name":"(anonymous_51)","decl":{"start":{"line":191,"column":18},"end":{"line":191,"column":19}},"loc":{"start":{"line":191,"column":38},"end":{"line":193,"column":3}},"line":191},"52":{"name":"(anonymous_52)","decl":{"start":{"line":194,"column":19},"end":{"line":194,"column":20}},"loc":{"start":{"line":194,"column":39},"end":{"line":196,"column":3}},"line":194}},"branchMap":{"0":{"loc":{"start":{"line":27,"column":46},"end":{"line":27,"column":92}},"type":"cond-expr","locations":[{"start":{"line":27,"column":70},"end":{"line":27,"column":73}},{"start":{"line":27,"column":76},"end":{"line":27,"column":92}}],"line":27},"1":{"loc":{"start":{"line":27,"column":46},"end":{"line":27,"column":67}},"type":"binary-expr","locations":[{"start":{"line":27,"column":46},"end":{"line":27,"column":49}},{"start":{"line":27,"column":53},"end":{"line":27,"column":67}}],"line":27},"2":{"loc":{"start":{"line":43,"column":61},"end":{"line":43,"column":85}},"type":"binary-expr","locations":[{"start":{"line":43,"column":61},"end":{"line":43,"column":70}},{"start":{"line":43,"column":74},"end":{"line":43,"column":85}}],"line":43},"3":{"loc":{"start":{"line":52,"column":61},"end":{"line":52,"column":85}},"type":"binary-expr","locations":[{"start":{"line":52,"column":61},"end":{"line":52,"column":70}},{"start":{"line":52,"column":74},"end":{"line":52,"column":85}}],"line":52},"4":{"loc":{"start":{"line":61,"column":24},"end":{"line":61,"column":45}},"type":"binary-expr","locations":[{"start":{"line":61,"column":24},"end":{"line":61,"column":38}},{"start":{"line":61,"column":42},"end":{"line":61,"column":45}}],"line":61},"5":{"loc":{"start":{"line":61,"column":77},"end":{"line":61,"column":101}},"type":"binary-expr","locations":[{"start":{"line":61,"column":77},"end":{"line":61,"column":88}},{"start":{"line":61,"column":92},"end":{"line":61,"column":101}}],"line":61},"6":{"loc":{"start":{"line":69,"column":61},"end":{"line":69,"column":85}},"type":"binary-expr","locations":[{"start":{"line":69,"column":61},"end":{"line":69,"column":70}},{"start":{"line":69,"column":74},"end":{"line":69,"column":85}}],"line":69},"7":{"loc":{"start":{"line":88,"column":24},"end":{"line":88,"column":45}},"type":"binary-expr","locations":[{"start":{"line":88,"column":24},"end":{"line":88,"column":38}},{"start":{"line":88,"column":42},"end":{"line":88,"column":45}}],"line":88},"8":{"loc":{"start":{"line":88,"column":77},"end":{"line":88,"column":101}},"type":"binary-expr","locations":[{"start":{"line":88,"column":77},"end":{"line":88,"column":88}},{"start":{"line":88,"column":92},"end":{"line":88,"column":101}}],"line":88},"9":{"loc":{"start":{"line":97,"column":24},"end":{"line":97,"column":45}},"type":"binary-expr","locations":[{"start":{"line":97,"column":24},"end":{"line":97,"column":38}},{"start":{"line":97,"column":42},"end":{"line":97,"column":45}}],"line":97},"10":{"loc":{"start":{"line":97,"column":77},"end":{"line":97,"column":101}},"type":"binary-expr","locations":[{"start":{"line":97,"column":77},"end":{"line":97,"column":88}},{"start":{"line":97,"column":92},"end":{"line":97,"column":101}}],"line":97},"11":{"loc":{"start":{"line":106,"column":24},"end":{"line":106,"column":45}},"type":"binary-expr","locations":[{"start":{"line":106,"column":24},"end":{"line":106,"column":38}},{"start":{"line":106,"column":42},"end":{"line":106,"column":45}}],"line":106},"12":{"loc":{"start":{"line":106,"column":85},"end":{"line":106,"column":109}},"type":"binary-expr","locations":[{"start":{"line":106,"column":85},"end":{"line":106,"column":94}},{"start":{"line":106,"column":98},"end":{"line":106,"column":109}}],"line":106},"13":{"loc":{"start":{"line":114,"column":61},"end":{"line":114,"column":85}},"type":"binary-expr","locations":[{"start":{"line":114,"column":61},"end":{"line":114,"column":70}},{"start":{"line":114,"column":74},"end":{"line":114,"column":85}}],"line":114},"14":{"loc":{"start":{"line":123,"column":24},"end":{"line":123,"column":45}},"type":"binary-expr","locations":[{"start":{"line":123,"column":24},"end":{"line":123,"column":38}},{"start":{"line":123,"column":42},"end":{"line":123,"column":45}}],"line":123},"15":{"loc":{"start":{"line":131,"column":24},"end":{"line":131,"column":45}},"type":"binary-expr","locations":[{"start":{"line":131,"column":24},"end":{"line":131,"column":38}},{"start":{"line":131,"column":42},"end":{"line":131,"column":45}}],"line":131},"16":{"loc":{"start":{"line":139,"column":24},"end":{"line":139,"column":45}},"type":"binary-expr","locations":[{"start":{"line":139,"column":24},"end":{"line":139,"column":38}},{"start":{"line":139,"column":42},"end":{"line":139,"column":45}}],"line":139},"17":{"loc":{"start":{"line":139,"column":79},"end":{"line":139,"column":103}},"type":"binary-expr","locations":[{"start":{"line":139,"column":79},"end":{"line":139,"column":88}},{"start":{"line":139,"column":92},"end":{"line":139,"column":103}}],"line":139},"18":{"loc":{"start":{"line":147,"column":24},"end":{"line":147,"column":45}},"type":"binary-expr","locations":[{"start":{"line":147,"column":24},"end":{"line":147,"column":38}},{"start":{"line":147,"column":42},"end":{"line":147,"column":45}}],"line":147}},"s":{"0":1,"1":1,"2":1,"3":1,"4":1,"5":1,"6":1,"7":1,"8":1,"9":1,"10":1,"11":5,"12":1,"13":86,"14":86,"15":86,"16":86,"17":86,"18":86,"19":1,"20":1,"21":0,"22":86,"23":3,"24":1,"25":2,"26":86,"27":10,"28":10,"29":0,"30":86,"31":7,"32":6,"33":1,"34":86,"35":2,"36":1,"37":1,"38":86,"39":14,"40":14,"41":0,"42":86,"43":6,"44":6,"45":0,"46":86,"47":2,"48":2,"49":0,"50":86,"51":1,"52":1,"53":0,"54":86,"55":1,"56":1,"57":0,"58":86,"59":10,"60":10,"61":0,"62":86,"63":5,"64":5,"65":0,"66":86,"67":3,"68":3,"69":0,"70":86,"71":0,"72":86,"73":86,"74":86,"75":86,"76":0,"77":86,"78":0,"79":86,"80":0,"81":86,"82":0,"83":86,"84":0,"85":86,"86":0,"87":86,"88":0,"89":86,"90":0,"91":86,"92":0,"93":86,"94":0,"95":86,"96":0,"97":86},"f":{"0":5,"1":86,"2":1,"3":1,"4":0,"5":3,"6":1,"7":2,"8":10,"9":10,"10":0,"11":7,"12":6,"13":1,"14":2,"15":1,"16":1,"17":14,"18":14,"19":0,"20":6,"21":6,"22":0,"23":2,"24":2,"25":0,"26":1,"27":1,"28":0,"29":1,"30":1,"31":0,"32":10,"33":10,"34":0,"35":5,"36":5,"37":0,"38":3,"39":3,"40":0,"41":0,"42":0,"43":0,"44":0,"45":0,"46":0,"47":0,"48":0,"49":0,"50":0,"51":0,"52":0},"b":{"0":[2,3],"1":[5,5],"2":[0,0],"3":[2,2],"4":[0,0],"5":[0,0],"6":[1,1],"7":[0,0],"8":[0,0],"9":[0,0],"10":[0,0],"11":[0,0],"12":[0,0],"13":[0,0],"14":[0,0],"15":[0,0],"16":[0,0],"17":[0,0],"18":[0,0]},"_coverageSchema":"d34fc3e6b8297bcde183f5492bcb8fcb36775295","hash":"718df6f311159dbc9602be544c928e286428712b","contentHash":"32bc718837b6216032922d8d3e9e9a06"},"/Users/amritanshuray/Desktop/NodeJS/Fast-Food-Fast-develop/server/api/helpers/upload.js":{"path":"/Users/amritanshuray/Desktop/NodeJS/Fast-Food-Fast-develop/server/api/helpers/upload.js","statementMap":{"0":{"start":{"line":3,"column":0},"end":{"line":5,"column":3}},"1":{"start":{"line":7,"column":14},"end":{"line":7,"column":31}},"2":{"start":{"line":9,"column":15},"end":{"line":9,"column":46}},"3":{"start":{"line":11,"column":39},"end":{"line":11,"column":93}},"4":{"start":{"line":13,"column":14},"end":{"line":21,"column":2}},"5":{"start":{"line":15,"column":4},"end":{"line":15,"column":27}},"6":{"start":{"line":18,"column":15},"end":{"line":18,"column":58}},"7":{"start":{"line":19,"column":4},"end":{"line":19,"column":52}},"8":{"start":{"line":23,"column":17},"end":{"line":29,"column":1}},"9":{"start":{"line":24,"column":2},"end":{"line":28,"column":3}},"10":{"start":{"line":25,"column":4},"end":{"line":25,"column":19}},"11":{"start":{"line":27,"column":4},"end":{"line":27,"column":20}},"12":{"start":{"line":30,"column":13},"end":{"line":36,"column":2}},"13":{"start":{"line":38,"column":0},"end":{"line":38,"column":25}}},"fnMap":{"0":{"name":"_interopRequireDefault","decl":{"start":{"line":11,"column":9},"end":{"line":11,"column":31}},"loc":{"start":{"line":11,"column":37},"end":{"line":11,"column":95}},"line":11},"1":{"name":"destination","decl":{"start":{"line":14,"column":24},"end":{"line":14,"column":35}},"loc":{"start":{"line":14,"column":51},"end":{"line":16,"column":3}},"line":14},"2":{"name":"filename","decl":{"start":{"line":17,"column":21},"end":{"line":17,"column":29}},"loc":{"start":{"line":17,"column":45},"end":{"line":20,"column":3}},"line":17},"3":{"name":"fileFilter","decl":{"start":{"line":23,"column":26},"end":{"line":23,"column":36}},"loc":{"start":{"line":23,"column":52},"end":{"line":29,"column":1}},"line":23}},"branchMap":{"0":{"loc":{"start":{"line":11,"column":46},"end":{"line":11,"column":92}},"type":"cond-expr","locations":[{"start":{"line":11,"column":70},"end":{"line":11,"column":73}},{"start":{"line":11,"column":76},"end":{"line":11,"column":92}}],"line":11},"1":{"loc":{"start":{"line":11,"column":46},"end":{"line":11,"column":67}},"type":"binary-expr","locations":[{"start":{"line":11,"column":46},"end":{"line":11,"column":49}},{"start":{"line":11,"column":53},"end":{"line":11,"column":67}}],"line":11},"2":{"loc":{"start":{"line":24,"column":2},"end":{"line":28,"column":3}},"type":"if","locations":[{"start":{"line":24,"column":2},"end":{"line":28,"column":3}},{"start":{"line":24,"column":2},"end":{"line":28,"column":3}}],"line":24},"3":{"loc":{"start":{"line":24,"column":6},"end":{"line":24,"column":69}},"type":"binary-expr","locations":[{"start":{"line":24,"column":6},"end":{"line":24,"column":36}},{"start":{"line":24,"column":40},"end":{"line":24,"column":69}}],"line":24}},"s":{"0":1,"1":1,"2":1,"3":1,"4":1,"5":3,"6":3,"7":3,"8":1,"9":4,"10":3,"11":1,"12":1,"13":1},"f":{"0":1,"1":3,"2":3,"3":4},"b":{"0":[0,1],"1":[1,1],"2":[3,1],"3":[4,1]},"_coverageSchema":"d34fc3e6b8297bcde183f5492bcb8fcb36775295","hash":"694c3f6560c97a06a7abda9bd6d369cc6d050462","contentHash":"9dbfb9d1a43ea4caed31393390e39a92"},"/Users/amritanshuray/Desktop/NodeJS/Fast-Food-Fast-develop/server/api/controllers/authController.js":{"path":"/Users/amritanshuray/Desktop/NodeJS/Fast-Food-Fast-develop/server/api/controllers/authController.js","statementMap":{"0":{"start":{"line":3,"column":0},"end":{"line":5,"column":3}},"1":{"start":{"line":7,"column":20},"end":{"line":7,"column":43}},"2":{"start":{"line":9,"column":21},"end":{"line":9,"column":58}},"3":{"start":{"line":11,"column":39},"end":{"line":11,"column":93}},"4":{"start":{"line":13,"column":21},"end":{"line":52,"column":1}},"5":{"start":{"line":23,"column":16},"end":{"line":23,"column":45}},"6":{"start":{"line":24,"column":4},"end":{"line":26,"column":5}},"7":{"start":{"line":25,"column":6},"end":{"line":25,"column":116}},"8":{"start":{"line":27,"column":4},"end":{"line":33,"column":5}},"9":{"start":{"line":28,"column":20},"end":{"line":28,"column":78}},"10":{"start":{"line":29,"column":6},"end":{"line":29,"column":94}},"11":{"start":{"line":30,"column":6},"end":{"line":30,"column":20}},"12":{"start":{"line":32,"column":6},"end":{"line":32,"column":106}},"13":{"start":{"line":36,"column":16},"end":{"line":36,"column":45}},"14":{"start":{"line":37,"column":4},"end":{"line":39,"column":5}},"15":{"start":{"line":38,"column":6},"end":{"line":38,"column":106}},"16":{"start":{"line":40,"column":4},"end":{"line":50,"column":5}},"17":{"start":{"line":41,"column":20},"end":{"line":41,"column":78}},"18":{"start":{"line":43,"column":6},"end":{"line":45,"column":7}},"19":{"start":{"line":44,"column":8},"end":{"line":44,"column":119}},"20":{"start":{"line":46,"column":6},"end":{"line":46,"column":94}},"21":{"start":{"line":47,"column":6},"end":{"line":47,"column":20}},"22":{"start":{"line":49,"column":6},"end":{"line":49,"column":95}},"23":{"start":{"line":54,"column":0},"end":{"line":54,"column":33}}},"fnMap":{"0":{"name":"_interopRequireDefault","decl":{"start":{"line":11,"column":9},"end":{"line":11,"column":31}},"loc":{"start":{"line":11,"column":37},"end":{"line":11,"column":95}},"line":11},"1":{"name":"verifyToken","decl":{"start":{"line":22,"column":30},"end":{"line":22,"column":41}},"loc":{"start":{"line":22,"column":58},"end":{"line":34,"column":3}},"line":22},"2":{"name":"verifyAdminToken","decl":{"start":{"line":35,"column":35},"end":{"line":35,"column":51}},"loc":{"start":{"line":35,"column":68},"end":{"line":51,"column":3}},"line":35}},"branchMap":{"0":{"loc":{"start":{"line":11,"column":46},"end":{"line":11,"column":92}},"type":"cond-expr","locations":[{"start":{"line":11,"column":70},"end":{"line":11,"column":73}},{"start":{"line":11,"column":76},"end":{"line":11,"column":92}}],"line":11},"1":{"loc":{"start":{"line":11,"column":46},"end":{"line":11,"column":67}},"type":"binary-expr","locations":[{"start":{"line":11,"column":46},"end":{"line":11,"column":49}},{"start":{"line":11,"column":53},"end":{"line":11,"column":67}}],"line":11},"2":{"loc":{"start":{"line":24,"column":4},"end":{"line":26,"column":5}},"type":"if","locations":[{"start":{"line":24,"column":4},"end":{"line":26,"column":5}},{"start":{"line":24,"column":4},"end":{"line":26,"column":5}}],"line":24},"3":{"loc":{"start":{"line":37,"column":4},"end":{"line":39,"column":5}},"type":"if","locations":[{"start":{"line":37,"column":4},"end":{"line":39,"column":5}},{"start":{"line":37,"column":4},"end":{"line":39,"column":5}}],"line":37},"4":{"loc":{"start":{"line":43,"column":6},"end":{"line":45,"column":7}},"type":"if","locations":[{"start":{"line":43,"column":6},"end":{"line":45,"column":7}},{"start":{"line":43,"column":6},"end":{"line":45,"column":7}}],"line":43}},"s":{"0":1,"1":1,"2":1,"3":1,"4":1,"5":17,"6":17,"7":2,"8":15,"9":15,"10":13,"11":13,"12":2,"13":47,"14":47,"15":7,"16":40,"17":40,"18":37,"19":7,"20":30,"21":30,"22":3,"23":1},"f":{"0":1,"1":17,"2":47},"b":{"0":[0,1],"1":[1,1],"2":[2,15],"3":[7,40],"4":[7,30]},"_coverageSchema":"d34fc3e6b8297bcde183f5492bcb8fcb36775295","hash":"f4f5368401e12ae7e493504e295fcc5ce7a81913","contentHash":"073a5ad22e11ebe3d5c619a2a7411c56"},"/Users/amritanshuray/Desktop/NodeJS/Fast-Food-Fast-develop/server/api/models/authModel.js":{"path":"/Users/amritanshuray/Desktop/NodeJS/Fast-Food-Fast-develop/server/api/models/authModel.js","statementMap":{"0":{"start":{"line":3,"column":0},"end":{"line":5,"column":3}},"1":{"start":{"line":7,"column":19},"end":{"line":7,"column":563}},"2":{"start":{"line":7,"column":76},"end":{"line":7,"column":347}},"3":{"start":{"line":7,"column":134},"end":{"line":7,"column":142}},"4":{"start":{"line":7,"column":144},"end":{"line":7,"column":199}},"5":{"start":{"line":7,"column":200},"end":{"line":7,"column":231}},"6":{"start":{"line":7,"column":232},"end":{"line":7,"column":286}},"7":{"start":{"line":7,"column":259},"end":{"line":7,"column":286}},"8":{"start":{"line":7,"column":287},"end":{"line":7,"column":345}},"9":{"start":{"line":7,"column":350},"end":{"line":7,"column":559}},"10":{"start":{"line":7,"column":407},"end":{"line":7,"column":475}},"11":{"start":{"line":7,"column":423},"end":{"line":7,"column":475}},"12":{"start":{"line":7,"column":476},"end":{"line":7,"column":536}},"13":{"start":{"line":7,"column":493},"end":{"line":7,"column":536}},"14":{"start":{"line":7,"column":537},"end":{"line":7,"column":556}},"15":{"start":{"line":10,"column":16},"end":{"line":10,"column":35}},"16":{"start":{"line":12,"column":17},"end":{"line":12,"column":50}},"17":{"start":{"line":14,"column":20},"end":{"line":14,"column":43}},"18":{"start":{"line":16,"column":21},"end":{"line":16,"column":58}},"19":{"start":{"line":18,"column":39},"end":{"line":18,"column":93}},"20":{"start":{"line":20,"column":50},"end":{"line":20,"column":151}},"21":{"start":{"line":20,"column":92},"end":{"line":20,"column":149}},"22":{"start":{"line":22,"column":13},"end":{"line":69,"column":3}},"23":{"start":{"line":24,"column":4},"end":{"line":24,"column":34}},"24":{"start":{"line":26,"column":4},"end":{"line":26,"column":29}},"25":{"start":{"line":34,"column":2},"end":{"line":66,"column":6}},"26":{"start":{"line":37,"column":6},"end":{"line":37,"column":31}},"27":{"start":{"line":38,"column":6},"end":{"line":38,"column":91}},"28":{"start":{"line":50,"column":6},"end":{"line":50,"column":31}},"29":{"start":{"line":51,"column":6},"end":{"line":51,"column":77}},"30":{"start":{"line":63,"column":6},"end":{"line":63,"column":146}},"31":{"start":{"line":64,"column":6},"end":{"line":64,"column":24}},"32":{"start":{"line":68,"column":2},"end":{"line":68,"column":16}},"33":{"start":{"line":71,"column":0},"end":{"line":71,"column":25}}},"fnMap":{"0":{"name":"(anonymous_0)","decl":{"start":{"line":7,"column":19},"end":{"line":7,"column":20}},"loc":{"start":{"line":7,"column":31},"end":{"line":7,"column":561}},"line":7},"1":{"name":"defineProperties","decl":{"start":{"line":7,"column":42},"end":{"line":7,"column":58}},"loc":{"start":{"line":7,"column":74},"end":{"line":7,"column":349}},"line":7},"2":{"name":"(anonymous_2)","decl":{"start":{"line":7,"column":357},"end":{"line":7,"column":358}},"loc":{"start":{"line":7,"column":405},"end":{"line":7,"column":558}},"line":7},"3":{"name":"_interopRequireDefault","decl":{"start":{"line":18,"column":9},"end":{"line":18,"column":31}},"loc":{"start":{"line":18,"column":37},"end":{"line":18,"column":95}},"line":18},"4":{"name":"_classCallCheck","decl":{"start":{"line":20,"column":9},"end":{"line":20,"column":24}},"loc":{"start":{"line":20,"column":48},"end":{"line":20,"column":153}},"line":20},"5":{"name":"(anonymous_5)","decl":{"start":{"line":22,"column":13},"end":{"line":22,"column":14}},"loc":{"start":{"line":22,"column":25},"end":{"line":69,"column":1}},"line":22},"6":{"name":"_class","decl":{"start":{"line":23,"column":11},"end":{"line":23,"column":17}},"loc":{"start":{"line":23,"column":28},"end":{"line":27,"column":3}},"line":23},"7":{"name":"hashPassword","decl":{"start":{"line":36,"column":20},"end":{"line":36,"column":32}},"loc":{"start":{"line":36,"column":43},"end":{"line":39,"column":5}},"line":36},"8":{"name":"comparePassword","decl":{"start":{"line":49,"column":20},"end":{"line":49,"column":35}},"loc":{"start":{"line":49,"column":64},"end":{"line":52,"column":5}},"line":49},"9":{"name":"generateToken","decl":{"start":{"line":62,"column":20},"end":{"line":62,"column":33}},"loc":{"start":{"line":62,"column":61},"end":{"line":65,"column":5}},"line":62}},"branchMap":{"0":{"loc":{"start":{"line":7,"column":168},"end":{"line":7,"column":198}},"type":"binary-expr","locations":[{"start":{"line":7,"column":168},"end":{"line":7,"column":189}},{"start":{"line":7,"column":193},"end":{"line":7,"column":198}}],"line":7},"1":{"loc":{"start":{"line":7,"column":232},"end":{"line":7,"column":286}},"type":"if","locations":[{"start":{"line":7,"column":232},"end":{"line":7,"column":286}},{"start":{"line":7,"column":232},"end":{"line":7,"column":286}}],"line":7},"2":{"loc":{"start":{"line":7,"column":407},"end":{"line":7,"column":475}},"type":"if","locations":[{"start":{"line":7,"column":407},"end":{"line":7,"column":475}},{"start":{"line":7,"column":407},"end":{"line":7,"column":475}}],"line":7},"3":{"loc":{"start":{"line":7,"column":476},"end":{"line":7,"column":536}},"type":"if","locations":[{"start":{"line":7,"column":476},"end":{"line":7,"column":536}},{"start":{"line":7,"column":476},"end":{"line":7,"column":536}}],"line":7},"4":{"loc":{"start":{"line":18,"column":46},"end":{"line":18,"column":92}},"type":"cond-expr","locations":[{"start":{"line":18,"column":70},"end":{"line":18,"column":73}},{"start":{"line":18,"column":76},"end":{"line":18,"column":92}}],"line":18},"5":{"loc":{"start":{"line":18,"column":46},"end":{"line":18,"column":67}},"type":"binary-expr","locations":[{"start":{"line":18,"column":46},"end":{"line":18,"column":49}},{"start":{"line":18,"column":53},"end":{"line":18,"column":67}}],"line":18},"6":{"loc":{"start":{"line":20,"column":50},"end":{"line":20,"column":151}},"type":"if","locations":[{"start":{"line":20,"column":50},"end":{"line":20,"column":151}},{"start":{"line":20,"column":50},"end":{"line":20,"column":151}}],"line":20}},"s":{"0":1,"1":1,"2":1,"3":3,"4":3,"5":3,"6":3,"7":3,"8":3,"9":1,"10":1,"11":1,"12":1,"13":0,"14":1,"15":1,"16":1,"17":1,"18":1,"19":2,"20":2,"21":0,"22":1,"23":2,"24":2,"25":1,"26":7,"27":7,"28":3,"29":3,"30":5,"31":5,"32":1,"33":1},"f":{"0":1,"1":1,"2":1,"3":2,"4":2,"5":1,"6":2,"7":7,"8":3,"9":5},"b":{"0":[3,3],"1":[3,0],"2":[1,0],"3":[0,1],"4":[0,2],"5":[2,2],"6":[0,2]},"_coverageSchema":"d34fc3e6b8297bcde183f5492bcb8fcb36775295","hash":"4b54b759dfe232044ff554a931cd8c6b3dbb9808","contentHash":"e8ab9f0b3ff62dc6dd3a01fbae29115e"},"/Users/amritanshuray/Desktop/NodeJS/Fast-Food-Fast-develop/server/api/models/userModel.js":{"path":"/Users/amritanshuray/Desktop/NodeJS/Fast-Food-Fast-develop/server/api/models/userModel.js","statementMap":{"0":{"start":{"line":3,"column":0},"end":{"line":5,"column":3}},"1":{"start":{"line":7,"column":21},"end":{"line":7,"column":47}},"2":{"start":{"line":9,"column":22},"end":{"line":9,"column":60}},"3":{"start":{"line":11,"column":39},"end":{"line":11,"column":93}},"4":{"start":{"line":13,"column":50},"end":{"line":13,"column":151}},"5":{"start":{"line":13,"column":92},"end":{"line":13,"column":149}},"6":{"start":{"line":15,"column":50},"end":{"line":15,"column":151}},"7":{"start":{"line":15,"column":63},"end":{"line":15,"column":149}},"8":{"start":{"line":15,"column":152},"end":{"line":15,"column":238}},"9":{"start":{"line":17,"column":43},"end":{"line":17,"column":208}},"10":{"start":{"line":17,"column":106},"end":{"line":17,"column":206}},"11":{"start":{"line":17,"column":209},"end":{"line":17,"column":373}},"12":{"start":{"line":17,"column":374},"end":{"line":17,"column":492}},"13":{"start":{"line":17,"column":390},"end":{"line":17,"column":492}},"14":{"start":{"line":19,"column":13},"end":{"line":35,"column":26}},"15":{"start":{"line":20,"column":2},"end":{"line":20,"column":36}},"16":{"start":{"line":23,"column":4},"end":{"line":23,"column":34}},"17":{"start":{"line":25,"column":16},"end":{"line":25,"column":129}},"18":{"start":{"line":27,"column":4},"end":{"line":27,"column":30}},"19":{"start":{"line":28,"column":4},"end":{"line":28,"column":24}},"20":{"start":{"line":29,"column":4},"end":{"line":29,"column":28}},"21":{"start":{"line":30,"column":4},"end":{"line":30,"column":22}},"22":{"start":{"line":31,"column":4},"end":{"line":31,"column":17}},"23":{"start":{"line":34,"column":2},"end":{"line":34,"column":16}},"24":{"start":{"line":37,"column":0},"end":{"line":37,"column":25}}},"fnMap":{"0":{"name":"_interopRequireDefault","decl":{"start":{"line":11,"column":9},"end":{"line":11,"column":31}},"loc":{"start":{"line":11,"column":37},"end":{"line":11,"column":95}},"line":11},"1":{"name":"_classCallCheck","decl":{"start":{"line":13,"column":9},"end":{"line":13,"column":24}},"loc":{"start":{"line":13,"column":48},"end":{"line":13,"column":153}},"line":13},"2":{"name":"_possibleConstructorReturn","decl":{"start":{"line":15,"column":9},"end":{"line":15,"column":35}},"loc":{"start":{"line":15,"column":48},"end":{"line":15,"column":240}},"line":15},"3":{"name":"_inherits","decl":{"start":{"line":17,"column":9},"end":{"line":17,"column":18}},"loc":{"start":{"line":17,"column":41},"end":{"line":17,"column":494}},"line":17},"4":{"name":"(anonymous_4)","decl":{"start":{"line":19,"column":13},"end":{"line":19,"column":14}},"loc":{"start":{"line":19,"column":39},"end":{"line":35,"column":1}},"line":19},"5":{"name":"_class","decl":{"start":{"line":22,"column":11},"end":{"line":22,"column":17}},"loc":{"start":{"line":22,"column":67},"end":{"line":32,"column":3}},"line":22}},"branchMap":{"0":{"loc":{"start":{"line":11,"column":46},"end":{"line":11,"column":92}},"type":"cond-expr","locations":[{"start":{"line":11,"column":70},"end":{"line":11,"column":73}},{"start":{"line":11,"column":76},"end":{"line":11,"column":92}}],"line":11},"1":{"loc":{"start":{"line":11,"column":46},"end":{"line":11,"column":67}},"type":"binary-expr","locations":[{"start":{"line":11,"column":46},"end":{"line":11,"column":49}},{"start":{"line":11,"column":53},"end":{"line":11,"column":67}}],"line":11},"2":{"loc":{"start":{"line":13,"column":50},"end":{"line":13,"column":151}},"type":"if","locations":[{"start":{"line":13,"column":50},"end":{"line":13,"column":151}},{"start":{"line":13,"column":50},"end":{"line":13,"column":151}}],"line":13},"3":{"loc":{"start":{"line":15,"column":50},"end":{"line":15,"column":151}},"type":"if","locations":[{"start":{"line":15,"column":50},"end":{"line":15,"column":151}},{"start":{"line":15,"column":50},"end":{"line":15,"column":151}}],"line":15},"4":{"loc":{"start":{"line":15,"column":159},"end":{"line":15,"column":237}},"type":"cond-expr","locations":[{"start":{"line":15,"column":226},"end":{"line":15,"column":230}},{"start":{"line":15,"column":233},"end":{"line":15,"column":237}}],"line":15},"5":{"loc":{"start":{"line":15,"column":159},"end":{"line":15,"column":223}},"type":"binary-expr","locations":[{"start":{"line":15,"column":159},"end":{"line":15,"column":163}},{"start":{"line":15,"column":168},"end":{"line":15,"column":192}},{"start":{"line":15,"column":196},"end":{"line":15,"column":222}}],"line":15},"6":{"loc":{"start":{"line":17,"column":43},"end":{"line":17,"column":208}},"type":"if","locations":[{"start":{"line":17,"column":43},"end":{"line":17,"column":208}},{"start":{"line":17,"column":43},"end":{"line":17,"column":208}}],"line":17},"7":{"loc":{"start":{"line":17,"column":47},"end":{"line":17,"column":102}},"type":"binary-expr","locations":[{"start":{"line":17,"column":47},"end":{"line":17,"column":79}},{"start":{"line":17,"column":83},"end":{"line":17,"column":102}}],"line":17},"8":{"loc":{"start":{"line":17,"column":244},"end":{"line":17,"column":278}},"type":"binary-expr","locations":[{"start":{"line":17,"column":244},"end":{"line":17,"column":254}},{"start":{"line":17,"column":258},"end":{"line":17,"column":278}}],"line":17},"9":{"loc":{"start":{"line":17,"column":374},"end":{"line":17,"column":492}},"type":"if","locations":[{"start":{"line":17,"column":374},"end":{"line":17,"column":492}},{"start":{"line":17,"column":374},"end":{"line":17,"column":492}}],"line":17},"10":{"loc":{"start":{"line":17,"column":390},"end":{"line":17,"column":491}},"type":"cond-expr","locations":[{"start":{"line":17,"column":414},"end":{"line":17,"column":457}},{"start":{"line":17,"column":460},"end":{"line":17,"column":491}}],"line":17},"11":{"loc":{"start":{"line":25,"column":50},"end":{"line":25,"column":99}},"type":"binary-expr","locations":[{"start":{"line":25,"column":50},"end":{"line":25,"column":66}},{"start":{"line":25,"column":70},"end":{"line":25,"column":99}}],"line":25}},"s":{"0":1,"1":1,"2":1,"3":1,"4":4,"5":0,"6":4,"7":0,"8":4,"9":1,"10":0,"11":1,"12":1,"13":1,"14":1,"15":1,"16":4,"17":4,"18":4,"19":4,"20":4,"21":4,"22":4,"23":1,"24":1},"f":{"0":1,"1":4,"2":4,"3":1,"4":1,"5":4},"b":{"0":[1,0],"1":[1,1],"2":[0,4],"3":[0,4],"4":[0,4],"5":[4,0,0],"6":[0,1],"7":[1,0],"8":[1,1],"9":[1,0],"10":[1,0],"11":[4,0]},"_coverageSchema":"d34fc3e6b8297bcde183f5492bcb8fcb36775295","hash":"12879b55f66387485a946121ae07bc729af6e15d","contentHash":"203dfb244e104f5184c266989592f274"},"/Users/amritanshuray/Desktop/NodeJS/Fast-Food-Fast-develop/server/api/models/userValidator.js":{"path":"/Users/amritanshuray/Desktop/NodeJS/Fast-Food-Fast-develop/server/api/models/userValidator.js","statementMap":{"0":{"start":{"line":3,"column":0},"end":{"line":5,"column":3}},"1":{"start":{"line":7,"column":19},"end":{"line":7,"column":563}},"2":{"start":{"line":7,"column":76},"end":{"line":7,"column":347}},"3":{"start":{"line":7,"column":134},"end":{"line":7,"column":142}},"4":{"start":{"line":7,"column":144},"end":{"line":7,"column":199}},"5":{"start":{"line":7,"column":200},"end":{"line":7,"column":231}},"6":{"start":{"line":7,"column":232},"end":{"line":7,"column":286}},"7":{"start":{"line":7,"column":259},"end":{"line":7,"column":286}},"8":{"start":{"line":7,"column":287},"end":{"line":7,"column":345}},"9":{"start":{"line":7,"column":350},"end":{"line":7,"column":559}},"10":{"start":{"line":7,"column":407},"end":{"line":7,"column":475}},"11":{"start":{"line":7,"column":423},"end":{"line":7,"column":475}},"12":{"start":{"line":7,"column":476},"end":{"line":7,"column":536}},"13":{"start":{"line":7,"column":493},"end":{"line":7,"column":536}},"14":{"start":{"line":7,"column":537},"end":{"line":7,"column":556}},"15":{"start":{"line":9,"column":50},"end":{"line":9,"column":151}},"16":{"start":{"line":9,"column":92},"end":{"line":9,"column":149}},"17":{"start":{"line":11,"column":13},"end":{"line":60,"column":3}},"18":{"start":{"line":13,"column":4},"end":{"line":13,"column":34}},"19":{"start":{"line":15,"column":4},"end":
[...]
e665b2518c53b0980fd28"},"/Users/amritanshuray/Desktop/NodeJS/Fast-Food-Fast-develop/server/api/controllers/menuController.js":{"path":"/Users/amritanshuray/Desktop/NodeJS/Fast-Food-Fast-develop/server/api/controllers/menuController.js","statementMap":{"0":{"start":{"line":3,"column":0},"end":{"line":5,"column":3}},"1":{"start":{"line":7,"column":19},"end":{"line":7,"column":563}},"2":{"start":{"line":7,"column":76},"end":{"line":7,"column":347}},"3":{"start":{"line":7,"column":134},"end":{"line":7,"column":142}},"4":{"start":{"line":7,"column":144},"end":{"line":7,"column":199}},"5":{"start":{"line":7,"column":200},"end":{"line":7,"column":231}},"6":{"start":{"line":7,"column":232},"end":{"line":7,"column":286}},"7":{"start":{"line":7,"column":259},"end":{"line":7,"column":286}},"8":{"start":{"line":7,"column":287},"end":{"line":7,"column":345}},"9":{"start":{"line":7,"column":350},"end":{"line":7,"column":559}},"10":{"start":{"line":7,"column":407},"end":{"line":7,"column":475}},"11":{"start":{"line":7,"column":423},"end":{"line":7,"column":475}},"12":{"start":{"line":7,"column":476},"end":{"line":7,"column":536}},"13":{"start":{"line":7,"column":493},"end":{"line":7,"column":536}},"14":{"start":{"line":7,"column":537},"end":{"line":7,"column":556}},"15":{"start":{"line":9,"column":50},"end":{"line":9,"column":151}},"16":{"start":{"line":9,"column":92},"end":{"line":9,"column":149}},"17":{"start":{"line":16,"column":13},"end":{"line":191,"column":3}},"18":{"start":{"line":18,"column":4},"end":{"line":18,"column":34}},"19":{"start":{"line":20,"column":4},"end":{"line":20,"column":17}},"20":{"start":{"line":30,"column":2},"end":{"line":188,"column":6}},"21":{"start":{"line":33,"column":6},"end":{"line":35,"column":7}},"22":{"start":{"line":34,"column":8},"end":{"line":34,"column":99}},"23":{"start":{"line":36,"column":22},"end":{"line":36,"column":30}},"24":{"start":{"line":37,"column":17},"end":{"line":37,"column":31}},"25":{"start":{"line":38,"column":18},"end":{"line":38,"column":33}},"26":{"start":{"line":39,"column":23},"end":{"line":39,"column":31}},"27":{"start":{"line":40,"column":16},"end":{"line":40,"column":30}},"28":{"start":{"line":41,"column":18},"end":{"line":41,"column":34}},"29":{"start":{"line":42,"column":24},"end":{"line":42,"column":46}},"30":{"start":{"line":45,"column":6},"end":{"line":47,"column":7}},"31":{"start":{"line":46,"column":8},"end":{"line":46,"column":103}},"32":{"start":{"line":48,"column":6},"end":{"line":50,"column":7}},"33":{"start":{"line":49,"column":8},"end":{"line":49,"column":104}},"34":{"start":{"line":51,"column":6},"end":{"line":53,"column":7}},"35":{"start":{"line":52,"column":8},"end":{"line":52,"column":104}},"36":{"start":{"line":54,"column":6},"end":{"line":54,"column":41}},"37":{"start":{"line":55,"column":6},"end":{"line":57,"column":7}},"38":{"start":{"line":56,"column":8},"end":{"line":56,"column":126}},"39":{"start":{"line":58,"column":6},"end":{"line":60,"column":7}},"40":{"start":{"line":59,"column":8},"end":{"line":59,"column":41}},"41":{"start":{"line":62,"column":6},"end":{"line":82,"column":7}},"42":{"start":{"line":63,"column":8},"end":{"line":63,"column":35}},"43":{"start":{"line":64,"column":20},"end":{"line":64,"column":183}},"44":{"start":{"line":66,"column":21},"end":{"line":66,"column":110}},"45":{"start":{"line":68,"column":19},"end":{"line":68,"column":53}},"46":{"start":{"line":69,"column":19},"end":{"line":69,"column":28}},"47":{"start":{"line":71,"column":8},"end":{"line":73,"column":10}},"48":{"start":{"line":75,"column":8},"end":{"line":77,"column":9}},"49":{"start":{"line":76,"column":10},"end":{"line":76,"column":102}},"50":{"start":{"line":78,"column":8},"end":{"line":80,"column":9}},"51":{"start":{"line":79,"column":10},"end":{"line":79,"column":114}},"52":{"start":{"line":81,"column":8},"end":{"line":81,"column":73}},"53":{"start":{"line":94,"column":24},"end":{"line":94,"column":44}},"54":{"start":{"line":95,"column":6},"end":{"line":105,"column":7}},"55":{"start":{"line":96,"column":20},"end":{"line":96,"column":52}},"56":{"start":{"line":97,"column":19},"end":{"line":97,"column":29}},"57":{"start":{"line":98,"column":23},"end":{"line":98,"column":37}},"58":{"start":{"line":100,"column":8},"end":{"line":102,"column":10}},"59":{"start":{"line":104,"column":8},"end":{"line":104,"column":75}},"60":{"start":{"line":117,"column":6},"end":{"line":162,"column":7}},"61":{"start":{"line":118,"column":27},"end":{"line":118,"column":63}},"62":{"start":{"line":120,"column":20},"end":{"line":120,"column":74}},"63":{"start":{"line":121,"column":19},"end":{"line":121,"column":29}},"64":{"start":{"line":123,"column":8},"end":{"line":125,"column":9}},"65":{"start":{"line":124,"column":10},"end":{"line":124,"column":131}},"66":{"start":{"line":126,"column":8},"end":{"line":128,"column":9}},"67":{"start":{"line":127,"column":10},"end":{"line":127,"column":101}},"68":{"start":{"line":129,"column":25},"end":{"line":129,"column":33}},"69":{"start":{"line":130,"column":20},"end":{"line":130,"column":36}},"70":{"start":{"line":131,"column":20},"end":{"line":131,"column":36}},"71":{"start":{"line":132,"column":26},"end":{"line":132,"column":48}},"72":{"start":{"line":133,"column":25},"end":{"line":133,"column":33}},"73":{"start":{"line":134,"column":19},"end":{"line":134,"column":34}},"74":{"start":{"line":135,"column":18},"end":{"line":135,"column":32}},"75":{"start":{"line":136,"column":26},"end":{"line":136,"column":48}},"76":{"start":{"line":139,"column":8},"end":{"line":141,"column":9}},"77":{"start":{"line":140,"column":10},"end":{"line":140,"column":43}},"78":{"start":{"line":142,"column":8},"end":{"line":146,"column":9}},"79":{"start":{"line":143,"column":10},"end":{"line":145,"column":11}},"80":{"start":{"line":144,"column":12},"end":{"line":144,"column":130}},"81":{"start":{"line":147,"column":8},"end":{"line":149,"column":9}},"82":{"start":{"line":148,"column":10},"end":{"line":148,"column":30}},"83":{"start":{"line":150,"column":8},"end":{"line":152,"column":9}},"84":{"start":{"line":151,"column":10},"end":{"line":151,"column":43}},"85":{"start":{"line":154,"column":26},"end":{"line":154,"column":171}},"86":{"start":{"line":155,"column":21},"end":{"line":155,"column":214}},"87":{"start":{"line":156,"column":23},"end":{"line":156,"column":63}},"88":{"start":{"line":157,"column":8},"end":{"line":159,"column":10}},"89":{"start":{"line":161,"column":8},"end":{"line":161,"column":75}},"90":{"start":{"line":167,"column":25},"end":{"line":167,"column":61}},"91":{"start":{"line":168,"column":19},"end":{"line":168,"column":36}},"92":{"start":{"line":170,"column":19},"end":{"line":170,"column":21}},"93":{"start":{"line":171,"column":6},"end":{"line":186,"column":7}},"94":{"start":{"line":172,"column":20},"end":{"line":172,"column":63}},"95":{"start":{"line":173,"column":19},"end":{"line":173,"column":29}},"96":{"start":{"line":175,"column":8},"end":{"line":177,"column":9}},"97":{"start":{"line":176,"column":10},"end":{"line":176,"column":120}},"98":{"start":{"line":178,"column":26},"end":{"line":178,"column":60}},"99":{"start":{"line":179,"column":23},"end":{"line":179,"column":65}},"100":{"start":{"line":180,"column":8},"end":{"line":182,"column":9}},"101":{"start":{"line":181,"column":10},"end":{"line":181,"column":125}},"102":{"start":{"line":183,"column":8},"end":{"line":183,"column":22}},"103":{"start":{"line":185,"column":8},"end":{"line":185,"column":75}},"104":{"start":{"line":190,"column":2},"end":{"line":190,"column":16}},"105":{"start":{"line":193,"column":0},"end":{"line":193,"column":25}}},"fnMap":{"0":{"name":"(anonymous_0)","decl":{"start":{"line":7,"column":19},"end":{"line":7,"column":20}},"loc":{"start":{"line":7,"column":31},"end":{"line":7,"column":561}},"line":7},"1":{"name":"defineProperties","decl":{"start":{"line":7,"column":42},"end":{"line":7,"column":58}},"loc":{"start":{"line":7,"column":74},"end":{"line":7,"column":349}},"line":7},"2":{"name":"(anonymous_2)","decl":{"start":{"line":7,"column":357},"end":{"line":7,"column":358}},"loc":{"start":{"line":7,"column":405},"end":{"line":7,"column":558}},"line":7},"3":{"name":"_classCallCheck","decl":{"start":{"line":9,"column":9},"end":{"line":9,"column":24}},"loc":{"start":{"line":9,"column":48},"end":{"line":9,"column":153}},"line":9},"4":{"name":"(anonymous_4)","decl":{"start":{"line":16,"column":13},"end":{"line":16,"column":14}},"loc":{"start":{"line":16,"column":25},"end":{"line":191,"column":1}},"line":16},"5":{"name":"_class","decl":{"start":{"line":17,"column":11},"end":{"line":17,"column":17}},"loc":{"start":{"line":17,"column":22},"end":{"line":21,"column":3}},"line":17},"6":{"name":"create","decl":{"start":{"line":32,"column":26},"end":{"line":32,"column":32}},"loc":{"start":{"line":32,"column":38},"end":{"line":83,"column":5}},"line":32},"7":{"name":"read","decl":{"start":{"line":93,"column":26},"end":{"line":93,"column":30}},"loc":{"start":{"line":93,"column":33},"end":{"line":106,"column":5}},"line":93},"8":{"name":"update","decl":{"start":{"line":116,"column":26},"end":{"line":116,"column":32}},"loc":{"start":{"line":116,"column":38},"end":{"line":163,"column":5}},"line":116},"9":{"name":"_delete","decl":{"start":{"line":166,"column":26},"end":{"line":166,"column":33}},"loc":{"start":{"line":166,"column":39},"end":{"line":187,"column":5}},"line":166}},"branchMap":{"0":{"loc":{"start":{"line":7,"column":168},"end":{"line":7,"column":198}},"type":"binary-expr","locations":[{"start":{"line":7,"column":168},"end":{"line":7,"column":189}},{"start":{"line":7,"column":193},"end":{"line":7,"column":198}}],"line":7},"1":{"loc":{"start":{"line":7,"column":232},"end":{"line":7,"column":286}},"type":"if","locations":[{"start":{"line":7,"column":232},"end":{"line":7,"column":286}},{"start":{"line":7,"column":232},"end":{"line":7,"column":286}}],"line":7},"2":{"loc":{"start":{"line":7,"column":407},"end":{"line":7,"column":475}},"type":"if","locations":[{"start":{"line":7,"column":407},"end":{"line":7,"column":475}},{"start":{"line":7,"column":407},"end":{"line":7,"column":475}}],"line":7},"3":{"loc":{"start":{"line":7,"column":476},"end":{"line":7,"column":536}},"type":"if","locations":[{"start":{"line":7,"column":476},"end":{"line":7,"column":536}},{"start":{"line":7,"column":476},"end":{"line":7,"column":536}}],"line":7},"4":{"loc":{"start":{"line":9,"column":50},"end":{"line":9,"column":151}},"type":"if","locations":[{"start":{"line":9,"column":50},"end":{"line":9,"column":151}},{"start":{"line":9,"column":50},"end":{"line":9,"column":151}}],"line":9},"5":{"loc":{"start":{"line":33,"column":6},"end":{"line":35,"column":7}},"type":"if","locations":[{"start":{"line":33,"column":6},"end":{"line":35,"column":7}},{"start":{"line":33,"column":6},"end":{"line":35,"column":7}}],"line":33},"6":{"loc":{"start":{"line":33,"column":10},"end":{"line":33,"column":79}},"type":"binary-expr","locations":[{"start":{"line":33,"column":10},"end":{"line":33,"column":44}},{"start":{"line":33,"column":48},"end":{"line":33,"column":79}}],"line":33},"7":{"loc":{"start":{"line":45,"column":6},"end":{"line":47,"column":7}},"type":"if","locations":[{"start":{"line":45,"column":6},"end":{"line":47,"column":7}},{"start":{"line":45,"column":6},"end":{"line":47,"column":7}}],"line":45},"8":{"loc":{"start":{"line":45,"column":10},"end":{"line":45,"column":31}},"type":"binary-expr","locations":[{"start":{"line":45,"column":10},"end":{"line":45,"column":15}},{"start":{"line":45,"column":19},"end":{"line":45,"column":31}}],"line":45},"9":{"loc":{"start":{"line":48,"column":6},"end":{"line":50,"column":7}},"type":"if","locations":[{"start":{"line":48,"column":6},"end":{"line":50,"column":7}},{"start":{"line":48,"column":6},"end":{"line":50,"column":7}}],"line":48},"10":{"loc":{"start":{"line":51,"column":6},"end":{"line":53,"column":7}},"type":"if","locations":[{"start":{"line":51,"column":6},"end":{"line":53,"column":7}},{"start":{"line":51,"column":6},"end":{"line":53,"column":7}}],"line":51},"11":{"loc":{"start":{"line":51,"column":10},"end":{"line":51,"column":33}},"type":"binary-expr","locations":[{"start":{"line":51,"column":10},"end":{"line":51,"column":16}},{"start":{"line":51,"column":20},"end":{"line":51,"column":33}}],"line":51},"12":{"loc":{"start":{"line":55,"column":6},"end":{"line":57,"column":7}},"type":"if","locations":[{"start":{"line":55,"column":6},"end":{"line":57,"column":7}},{"start":{"line":55,"column":6},"end":{"line":57,"column":7}}],"line":55},"13":{"loc":{"start":{"line":55,"column":10},"end":{"line":55,"column":112}},"type":"binary-expr","locations":[{"start":{"line":55,"column":10},"end":{"line":55,"column":26}},{"start":{"line":55,"column":30},"end":{"line":55,"column":47}},{"start":{"line":55,"column":51},"end":{"line":55,"column":68}},{"start":{"line":55,"column":72},"end":{"line":55,"column":89}},{"start":{"line":55,"column":93},"end":{"line":55,"column":112}}],"line":55},"14":{"loc":{"start":{"line":58,"column":6},"end":{"line":60,"column":7}},"type":"if","locations":[{"start":{"line":58,"column":6},"end":{"line":60,"column":7}},{"start":{"line":58,"column":6},"end":{"line":60,"column":7}}],"line":58},"15":{"loc":{"start":{"line":63,"column":14},"end":{"line":63,"column":34}},"type":"binary-expr","locations":[{"start":{"line":63,"column":14},"end":{"line":63,"column":17}},{"start":{"line":63,"column":21},"end":{"line":63,"column":34}}],"line":63},"16":{"loc":{"start":{"line":75,"column":8},"end":{"line":77,"column":9}},"type":"if","locations":[{"start":{"line":75,"column":8},"end":{"line":77,"column":9}},{"start":{"line":75,"column":8},"end":{"line":77,"column":9}}],"line":75},"17":{"loc":{"start":{"line":78,"column":8},"end":{"line":80,"column":9}},"type":"if","locations":[{"start":{"line":78,"column":8},"end":{"line":80,"column":9}},{"start":{"line":78,"column":8},"end":{"line":80,"column":9}}],"line":78},"18":{"loc":{"start":{"line":123,"column":8},"end":{"line":125,"column":9}},"type":"if","locations":[{"start":{"line":123,"column":8},"end":{"line":125,"column":9}},{"start":{"line":123,"column":8},"end":{"line":125,"column":9}}],"line":123},"19":{"loc":{"start":{"line":126,"column":8},"end":{"line":128,"column":9}},"type":"if","locations":[{"start":{"line":126,"column":8},"end":{"line":128,"column":9}},{"start":{"line":126,"column":8},"end":{"line":128,"column":9}}],"line":126},"20":{"loc":{"start":{"line":126,"column":12},"end":{"line":126,"column":81}},"type":"binary-expr","locations":[{"start":{"line":126,"column":12},"end":{"line":126,"column":46}},{"start":{"line":126,"column":50},"end":{"line":126,"column":81}}],"line":126},"21":{"loc":{"start":{"line":139,"column":8},"end":{"line":141,"column":9}},"type":"if","locations":[{"start":{"line":139,"column":8},"end":{"line":141,"column":9}},{"start":{"line":139,"column":8},"end":{"line":141,"column":9}}],"line":139},"22":{"loc":{"start":{"line":142,"column":8},"end":{"line":146,"column":9}},"type":"if","locations":[{"start":{"line":142,"column":8},"end":{"line":146,"column":9}},{"start":{"line":142,"column":8},"end":{"line":146,"column":9}}],"line":142},"23":{"loc":{"start":{"line":143,"column":10},"end":{"line":145,"column":11}},"type":"if","locations":[{"start":{"line":143,"column":10},"end":{"line":145,"column":11}},{"start":{"line":143,"column":10},"end":{"line":145,"column":11}}],"line":143},"24":{"loc":{"start":{"line":143,"column":14},"end":{"line":143,"column":116}},"type":"binary-expr","locations":[{"start":{"line":143,"column":14},"end":{"line":143,"column":30}},{"start":{"line":143,"column":34},"end":{"line":143,"column":51}},{"start":{"line":143,"column":55},"end":{"line":143,"column":72}},{"start":{"line":143,"column":76},"end":{"line":143,"column":93}},{"start":{"line":143,"column":97},"end":{"line":143,"column":116}}],"line":143},"25":{"loc":{"start":{"line":147,"column":8},"end":{"line":149,"column":9}},"type":"if","locations":[{"start":{"line":147,"column":8},"end":{"line":149,"column":9}},{"start":{"line":147,"column":8},"end":{"line":149,"column":9}}],"line":147},"26":{"loc":{"start":{"line":150,"column":8},"end":{"line":152,"column":9}},"type":"if","locations":[{"start":{"line":150,"column":8},"end":{"line":152,"column":9}},{"start":{"line":150,"column":8},"end":{"line":152,"column":9}}],"line":150},"27":{"loc":{"start":{"line":155,"column":22},"end":{"line":155,"column":42}},"type":"binary-expr","locations":[{"start":{"line":155,"column":22},"end":{"line":155,"column":26}},{"start":{"line":155,"column":30},"end":{"line":155,"column":42}}],"line":155},"28":{"loc":{"start":{"line":155,"column":44},"end":{"line":155,"column":66}},"type":"binary-expr","locations":[{"start":{"line":155,"column":44},"end":{"line":155,"column":49}},{"start":{"line":155,"column":53},"end":{"line":155,"column":66}}],"line":155},"29":{"loc":{"start":{"line":155,"column":68},"end":{"line":155,"column":90}},"type":"binary-expr","locations":[{"start":{"line":155,"column":68},"end":{"line":155,"column":73}},{"start":{"line":155,"column":77},"end":{"line":155,"column":90}}],"line":155},"30":{"loc":{"start":{"line":155,"column":92},"end":{"line":155,"column":110}},"type":"binary-expr","locations":[{"start":{"line":155,"column":92},"end":{"line":155,"column":95}},{"start":{"line":155,"column":99},"end":{"line":155,"column":110}}],"line":155},"31":{"loc":{"start":{"line":155,"column":112},"end":{"line":155,"column":146}},"type":"binary-expr","locations":[{"start":{"line":155,"column":112},"end":{"line":155,"column":123}},{"start":{"line":155,"column":127},"end":{"line":155,"column":146}}],"line":155},"32":{"loc":{"start":{"line":155,"column":148},"end":{"line":155,"column":182}},"type":"binary-expr","locations":[{"start":{"line":155,"column":148},"end":{"line":155,"column":159}},{"start":{"line":155,"column":163},"end":{"line":155,"column":182}}],"line":155},"33":{"loc":{"start":{"line":175,"column":8},"end":{"line":177,"column":9}},"type":"if","locations":[{"start":{"line":175,"column":8},"end":{"line":177,"column":9}},{"start":{"line":175,"column":8},"end":{"line":177,"column":9}}],"line":175},"34":{"loc":{"start":{"line":180,"column":8},"end":{"line":182,"column":9}},"type":"if","locations":[{"start":{"line":180,"column":8},"end":{"line":182,"column":9}},{"start":{"line":180,"column":8},"end":{"line":182,"column":9}}],"line":180},"35":{"loc":{"start":{"line":180,"column":12},"end":{"line":180,"column":65}},"type":"binary-expr","locations":[{"start":{"line":180,"column":12},"end":{"line":180,"column":38}},{"start":{"line":180,"column":42},"end":{"line":180,"column":65}}],"line":180}},"s":{"0":1,"1":1,"2":1,"3":4,"4":4,"5":4,"6":4,"7":4,"8":4,"9":1,"10":1,"11":1,"12":1,"13":0,"14":1,"15":2,"16":0,"17":1,"18":2,"19":2,"20":1,"21":10,"22":1,"23":9,"24":9,"25":9,"26":9,"27":9,"28":9,"29":9,"30":9,"31":1,"32":8,"33":1,"34":7,"35":1,"36":6,"37":6,"38":1,"39":5,"40":4,"41":5,"42":5,"43":3,"44":3,"45":3,"46":2,"47":2,"48":3,"49":0,"50":3,"51":2,"52":1,"53":1,"54":1,"55":1,"56":1,"57":1,"58":1,"59":0,"60":5,"61":5,"62":5,"63":4,"64":4,"65":1,"66":3,"67":1,"68":2,"69":2,"70":2,"71":2,"72":2,"73":2,"74":2,"75":2,"76":2,"77":2,"78":2,"79":1,"80":1,"81":1,"82":1,"83":1,"84":1,"85":1,"86":1,"87":1,"88":1,"89":1,"90":3,"91":3,"92":3,"93":3,"94":3,"95":2,"96":2,"97":1,"98":1,"99":1,"100":1,"101":1,"102":1,"103":1,"104":1,"105":1},"f":{"0":1,"1":1,"2":1,"3":2,"4":1,"5":2,"6":10,"7":1,"8":5,"9":3},"b":{"0":[4,4],"1":[4,0],"2":[1,0],"3":[0,1],"4":[0,2],"5":[1,9],"6":[10,1],"7":[1,8],"8":[9,9],"9":[1,7],"10":[1,6],"11":[7,7],"12":[1,5],"13":[6,6,1,1,1],"14":[4,1],"15":[5,4],"16":[0,3],"17":[2,1],"18":[1,3],"19":[1,2],"20":[3,1],"21":[2,0],"22":[1,1],"23":[1,0],"24":[1,1,1,1,1],"25":[1,0],"26":[1,0],"27":[1,0],"28":[1,0],"29":[1,1],"30":[1,0],"31":[1,0],"32":[1,1],"33":[1,1],"34":[1,0],"35":[1,1]},"_coverageSchema":"d34fc3e6b8297bcde183f5492bcb8fcb36775295","hash":"b7fcc83b68d19f318d25abc6e311a7a767e526e4","contentHash":"9be14053bc8b3956e523d6fc76b567cd"}}